#
# There is insufficient memory for the Java Runtime Environment to continue.
# Native memory allocation (mmap) failed to map 65536 bytes. Error detail: Failed to commit metaspace.
# Possible reasons:
#   The system is out of physical RAM or swap space
#   This process is running with CompressedOops enabled, and the Java Heap may be blocking the growth of the native heap
# Possible solutions:
#   Reduce memory load on the system
#   Increase physical memory or swap space
#   Check if swap backing store is full
#   Decrease Java heap size (-Xmx/-Xms)
#   Decrease number of Java threads
#   Decrease Java thread stack sizes (-Xss)
#   Set larger code cache with -XX:ReservedCodeCacheSize=
#   JVM is running with Unscaled Compressed Oops mode in which the Java heap is
#     placed in the first 4GB address space. The Java Heap base address is the
#     maximum limit for the native heap growth. Please use -XX:HeapBaseMinAddress
#     to set the Java Heap base and to place the Java Heap above 4GB virtual address.
# This output file may be truncated or incomplete.
#
#  Out of Memory Error (virtualSpaceNode.cpp:112), pid=11692, tid=18600
#
# JRE version: Java(TM) SE Runtime Environment (22.0.2+9) (build 22.0.2+9-70)
# Java VM: Java HotSpot(TM) 64-Bit Server VM (22.0.2+9-70, mixed mode, sharing, tiered, compressed oops, compressed class ptrs, g1 gc, windows-amd64)
# No core dump will be written. Minidumps are not enabled by default on client versions of Windows
#

---------------  S U M M A R Y ------------

Command Line: -Dclassworlds.conf=C:\Program Files\NetBeans-22\netbeans\java\maven\bin\m2.conf -Dmaven.home=C:\Program Files\NetBeans-22\netbeans\java\maven -Dlibrary.jansi.path=C:\Program Files\NetBeans-22\netbeans\java\maven\lib\jansi-native -Dmaven.multiModuleProjectDirectory=C:\Users\kgany\OneDrive\Documents\NetBeansProjects\POE org.codehaus.plexus.classworlds.launcher.Launcher -Dexec.vmArgs= -Dexec.args=${exec.vmArgs} -classpath %classpath ${exec.mainClass} ${exec.appArgs} -Dexec.appArgs= -Dexec.mainClass=com.mycompany.poe.POE -Dexec.executable=C:\Program Files\Java\jdk-22\bin\java.exe -Dmaven.ext.class.path=C:\Program Files\NetBeans-22\netbeans\java\maven-nblib\netbeans-eventspy.jar --no-transfer-progress process-classes org.codehaus.mojo:exec-maven-plugin:3.1.0:exec -Dcurrent.jrebel.agent.path=C:\Users\kgany\AppData\Roaming\NetBeans\22\griffin\jrebel.jar

Host: Intel(R) Celeron(R) N4020 CPU @ 1.10GHz, 2 cores, 3G,  Windows 11 , 64 bit Build 22621 (10.0.22621.3958)
Time: Thu Oct 24 12:14:12 2024 South Africa Standard Time elapsed time: 3.602511 seconds (0d 0h 0m 3s)

---------------  T H R E A D  ---------------

Current thread (0x000002bcf8b75d20):  JavaThread "main"             [_thread_in_vm, id=18600, stack(0x000000dde8000000,0x000000dde8100000) (1024K)]

Stack: [0x000000dde8000000,0x000000dde8100000]
Native frames: (J=compiled Java code, j=interpreted, Vv=VM code, C=native code)
V  [jvm.dll+0x6e26e9]  (no source info available)
V  [jvm.dll+0x875753]  (no source info available)
V  [jvm.dll+0x877b7e]  (no source info available)
V  [jvm.dll+0x878253]  (no source info available)
V  [jvm.dll+0x27fc86]  (no source info available)
V  [jvm.dll+0x87139e]  (no source info available)
V  [jvm.dll+0x685755]  (no source info available)
V  [jvm.dll+0x1e3cdc]  (no source info available)
V  [jvm.dll+0x1e3aae]  (no source info available)
V  [jvm.dll+0x6880a8]  (no source info available)
V  [jvm.dll+0x224f6c]  (no source info available)
V  [jvm.dll+0x68616e]  (no source info available)
V  [jvm.dll+0x3c3acf]  (no source info available)
V  [jvm.dll+0x20d28b]  (no source info available)
V  [jvm.dll+0x5c4ab9]  (no source info available)
V  [jvm.dll+0x7ec9bd]  (no source info available)
V  [jvm.dll+0x47d622]  (no source info available)
V  [jvm.dll+0x490c06]  (no source info available)
C  [java.dll+0x164f]  (no source info available)
C  0x000002bc8f7cce32  (no source info available)

The last pc belongs to native method entry point (kind = native) (printed below).
Java frames: (J=compiled Java code, j=interpreted, Vv=VM code)
j  java.lang.ClassLoader.defineClass0(Ljava/lang/ClassLoader;Ljava/lang/Class;Ljava/lang/String;[BIILjava/security/ProtectionDomain;ZILjava/lang/Object;)Ljava/lang/Class;+0 java.base@22.0.2
j  java.lang.System$2.defineClass(Ljava/lang/ClassLoader;Ljava/lang/Class;Ljava/lang/String;[BLjava/security/ProtectionDomain;ZILjava/lang/Object;)Ljava/lang/Class;+17 java.base@22.0.2
j  java.lang.invoke.MethodHandles$Lookup$ClassDefiner.defineClass(ZLjava/lang/Object;)Ljava/lang/Class;+57 java.base@22.0.2
j  java.lang.invoke.InvokerBytecodeGenerator.loadMethod([B)Ljava/lang/invoke/MemberName;+22 java.base@22.0.2
j  java.lang.invoke.InvokerBytecodeGenerator.generateCustomizedCode(Ljava/lang/invoke/LambdaForm;Ljava/lang/invoke/MethodType;)Ljava/lang/invoke/MemberName;+30 java.base@22.0.2
j  java.lang.invoke.LambdaForm.compileToBytecode()V+69 java.base@22.0.2
j  java.lang.invoke.DirectMethodHandle.makePreparedLambdaForm(Ljava/lang/invoke/MethodType;I)Ljava/lang/invoke/LambdaForm;+750 java.base@22.0.2
j  java.lang.invoke.DirectMethodHandle.preparedLambdaForm(Ljava/lang/invoke/MethodType;I)Ljava/lang/invoke/LambdaForm;+17 java.base@22.0.2
j  java.lang.invoke.DirectMethodHandle.preparedLambdaForm(Ljava/lang/invoke/MemberName;Z)Ljava/lang/invoke/LambdaForm;+159 java.base@22.0.2
j  java.lang.invoke.DirectMethodHandle.make(BLjava/lang/Class;Ljava/lang/invoke/MemberName;Ljava/lang/Class;)Ljava/lang/invoke/DirectMethodHandle;+140 java.base@22.0.2
j  java.lang.invoke.MethodHandles$Lookup.getDirectMethodCommon(BLjava/lang/Class;Ljava/lang/invoke/MemberName;ZZLjava/lang/invoke/MethodHandles$Lookup;)Ljava/lang/invoke/MethodHandle;+220 java.base@22.0.2
j  java.lang.invoke.MethodHandles$Lookup.getDirectMethodNoSecurityManager(BLjava/lang/Class;Ljava/lang/invoke/MemberName;Ljava/lang/invoke/MethodHandles$Lookup;)Ljava/lang/invoke/MethodHandle;+14 java.base@22.0.2
j  java.lang.invoke.MethodHandles$Lookup.getDirectMethodForConstant(BLjava/lang/Class;Ljava/lang/invoke/MemberName;)Ljava/lang/invoke/MethodHandle;+31 java.base@22.0.2
j  java.lang.invoke.MethodHandles$Lookup.linkMethodHandleConstant(BLjava/lang/Class;Ljava/lang/String;Ljava/lang/Object;)Ljava/lang/invoke/MethodHandle;+153 java.base@22.0.2
j  java.lang.invoke.MethodHandleNatives.linkMethodHandleConstant(Ljava/lang/Class;ILjava/lang/Class;Ljava/lang/String;Ljava/lang/Object;)Ljava/lang/invoke/MethodHandle;+38 java.base@22.0.2
v  ~StubRoutines::call_stub 0x000002bc8f7c1015
j  com.google.inject.spi.BindingSourceRestriction.getPermits(Ljava/lang/Class;)Ljava/util/stream/Stream;+33
j  com.google.inject.spi.BindingSourceRestriction.access$500(Ljava/lang/Class;)Ljava/util/stream/Stream;+1
j  com.google.inject.spi.BindingSourceRestriction$PermitMapConstruction.pushModule(Ljava/lang/Class;Lcom/google/inject/spi/ModuleSource;)V+1
j  com.google.inject.spi.Elements$RecordingBinder.install(Lcom/google/inject/Module;)V+130
j  com.google.inject.spi.Elements.getElements(Lcom/google/inject/Stage;Ljava/lang/Iterable;)Ljava/util/List;+40
j  com.google.inject.internal.InjectorShell$Builder.build(Lcom/google/inject/internal/Initializer;Lcom/google/inject/internal/ProcessedBindingData;Lcom/google/inject/internal/util/ContinuousStopwatch;Lcom/google/inject/internal/Errors;)Ljava/util/List;+163
j  com.google.inject.internal.InternalInjectorCreator.build()Lcom/google/inject/Injector;+48
j  com.google.inject.Guice.createInjector(Lcom/google/inject/Stage;Ljava/lang/Iterable;)Lcom/google/inject/Injector;+15
j  com.google.inject.Guice.createInjector(Ljava/lang/Iterable;)Lcom/google/inject/Injector;+4
j  com.google.inject.Guice.createInjector([Lcom/google/inject/Module;)Lcom/google/inject/Injector;+4
j  org.codehaus.plexus.DefaultPlexusContainer.addPlexusInjector(Ljava/util/List;[Lcom/google/inject/Module;)Lcom/google/inject/Injector;+88
j  org.codehaus.plexus.DefaultPlexusContainer.<init>(Lorg/codehaus/plexus/ContainerConfiguration;[Lcom/google/inject/Module;)V+400
j  org.apache.maven.cli.MavenCli.container(Lorg/apache/maven/cli/CliRequest;)Lorg/codehaus/plexus/PlexusContainer;+279
j  org.apache.maven.cli.MavenCli.doMain(Lorg/apache/maven/cli/CliRequest;)I+34
j  org.apache.maven.cli.MavenCli.main([Ljava/lang/String;Lorg/codehaus/plexus/classworlds/ClassWorld;)I+24
j  java.lang.invoke.DirectMethodHandle$Holder.invokeStatic(Ljava/lang/Object;Ljava/lang/Object;Ljava/lang/Object;)I+11 java.base@22.0.2
j  java.lang.invoke.LambdaForm$MH+0x000002bc99009400.invoke(Ljava/lang/Object;Ljava/lang/Object;Ljava/lang/Object;Ljava/lang/Object;)Ljava/lang/Object;+54 java.base@22.0.2
j  java.lang.invoke.LambdaForm$MH+0x000002bc99009800.invokeExact_MT(Ljava/lang/Object;Ljava/lang/Object;Ljava/lang/Object;Ljava/lang/Object;Ljava/lang/Object;)Ljava/lang/Object;+22 java.base@22.0.2
j  jdk.internal.reflect.DirectMethodHandleAccessor.invokeImpl(Ljava/lang/Object;[Ljava/lang/Object;)Ljava/lang/Object;+72 java.base@22.0.2
j  jdk.internal.reflect.DirectMethodHandleAccessor.invoke(Ljava/lang/Object;[Ljava/lang/Object;)Ljava/lang/Object;+23 java.base@22.0.2
j  java.lang.reflect.Method.invoke(Ljava/lang/Object;[Ljava/lang/Object;)Ljava/lang/Object;+102 java.base@22.0.2
j  org.codehaus.plexus.classworlds.launcher.Launcher.launchEnhanced([Ljava/lang/String;)V+45
j  org.codehaus.plexus.classworlds.launcher.Launcher.launch([Ljava/lang/String;)V+2
j  org.codehaus.plexus.classworlds.launcher.Launcher.mainWithExitCode([Ljava/lang/String;)I+108
j  org.codehaus.plexus.classworlds.launcher.Launcher.main([Ljava/lang/String;)V+1
v  ~StubRoutines::call_stub 0x000002bc8f7c1015
native method entry point (kind = native)  [0x000002bc8f7cca20, 0x000002bc8f7cd520]  2816 bytes
[MachCode]
  0x000002bc8f7cca20: 488b 4b08 | 0fb7 492e | 584c 8d74 | ccf8 6800 | 0000 0068 | 0000 0000 | 5055 488b | ec41 5568 
  0x000002bc8f7cca40: 0000 0000 | 4c8b 6b08 | 4d8d 6d38 | 5348 8b53 | 0848 8b52 | 0848 8b52 | 1848 8b52 | 7048 8b12 
  0x000002bc8f7cca60: 5248 8b53 | 1048 85d2 | 0f84 0700 | 0000 4881 | c210 0100 | 0052 488b | 5308 488b | 5208 488b 
  0x000002bc8f7cca80: 5210 5249 | 8bc6 482b | c548 c1e8 | 0350 6800 | 0000 0068 | f7ff ffff | 41c6 8781 | 0400 0001 
  0x000002bc8f7ccaa0: 488b 4310 | 4885 c074 | 208b 88cc | 0000 0083 | c102 8988 | cc00 0000 | 2388 e000 | 0000 0f84 
  0x000002bc8f7ccac0: b109 0000 | e9c9 0000 | 0048 8b43 | 1848 85c0 | 0f85 aa00 | 0000 e805 | 0000 00e9 | 9300 0000 
  0x000002bc8f7ccae0: 488b d348 | 8d44 2408 | 4c89 6dc0 | 498b cf49 | 89af b003 | 0000 4989 | 87a0 0300 | 0048 83ec 
  0x000002bc8f7ccb00: 2040 f6c4 | 0f0f 8419 | 0000 0048 | 83ec 0848 | b800 a7b1 | bdfc 7f00 | 00ff d048 | 83c4 08e9 
  0x000002bc8f7ccb20: 0c00 0000 | 48b8 00a7 | b1bd fc7f | 0000 ffd0 | 4883 c420 | 49c7 87a0 | 0300 0000 | 0000 0049 
  0x000002bc8f7ccb40: c787 b003 | 0000 0000 | 0000 49c7 | 87a8 0300 | 0000 0000 | 0049 837f | 0800 0f84 | 0500 0000 
  0x000002bc8f7ccb60: e99b 43ff | ff4c 8b6d | c04c 8b75 | c84e 8d74 | f500 c348 | 8b43 1848 | 85c0 0f84 | 1200 0000 
  0x000002bc8f7ccb80: 8b48 0883 | c102 8948 | 0823 481c | 0f84 e308 | 0000 493b | a7f0 0400 | 000f 8748 | 0000 0089 
  0x000002bc8f7ccba0: 8424 00f0 | ffff 8984 | 2400 e0ff | ff89 8424 | 00d0 ffff | 8984 2400 | c0ff ff89 | 8424 00b0 
  0x000002bc8f7ccbc0: ffff 8984 | 2400 a0ff | ff89 8424 | 0090 ffff | 8984 2400 | 80ff ff49 | 3ba7 e804 | 0000 7607 
  0x000002bc8f7ccbe0: 4989 a7f0 | 0400 0041 | c687 8104 | 0000 0049 | ba6c 4038 | befc 7f00 | 0041 803a | 000f 843e 
  0x000002bc8f7ccc00: 0000 0048 | 8b55 e849 | 8bcf 4883 | ec20 40f6 | c40f 0f84 | 1900 0000 | 4883 ec08 | 48b8 80b9 
  0x000002bc8f7ccc20: e8bd fc7f | 0000 ffd0 | 4883 c408 | e90c 0000 | 0048 b880 | b9e8 bdfc | 7f00 00ff | d048 83c4 
  0x000002bc8f7ccc40: 2048 8b5d | e84c 8b5b | 0845 0fb7 | 5b2e 41c1 | e303 492b | e348 83ec | 2048 83e4 | f04c 8b5b 
  0x000002bc8f7ccc60: 604d 85db | 0f85 a500 | 0000 e805 | 0000 00e9 | 9300 0000 | 488b d348 | 8d44 2408 | 4c89 6dc0 
  0x000002bc8f7ccc80: 498b cf49 | 89af b003 | 0000 4989 | 87a0 0300 | 0048 83ec | 2040 f6c4 | 0f0f 8419 | 0000 0048 
  0x000002bc8f7ccca0: 83ec 0848 | b820 ceb1 | bdfc 7f00 | 00ff d048 | 83c4 08e9 | 0c00 0000 | 48b8 20ce | b1bd fc7f 
  0x000002bc8f7cccc0: 0000 ffd0 | 4883 c420 | 49c7 87a0 | 0300 0000 | 0000 0049 | c787 b003 | 0000 0000 | 0000 49c7 
  0x000002bc8f7ccce0: 87a8 0300 | 0000 0000 | 0049 837f | 0800 0f84 | 0500 0000 | e907 42ff | ff4c 8b6d | c04c 8b75 
  0x000002bc8f7ccd00: c84e 8d74 | f500 c348 | 8b5d e84c | 8b5b 6041 | ffd3 488b | 5de8 4889 | 4518 448b | 5b28 41f6 
  0x000002bc8f7ccd20: c308 0f84 | 1b00 0000 | 4c8b 5b08 | 4d8b 5b08 | 4d8b 5b18 | 4d8b 5b70 | 4d8b 1b4c | 895d 1048 
  0x000002bc8f7ccd40: 8d55 1048 | 8b43 5849 | ba80 10e9 | bdfc 7f00 | 0049 3bc2 | 0f85 a500 | 0000 e805 | 0000 00e9 
  0x000002bc8f7ccd60: 9300 0000 | 488b d348 | 8d44 2408 | 4c89 6dc0 | 498b cf49 | 89af b003 | 0000 4989 | 87a0 0300 
  0x000002bc8f7ccd80: 0048 83ec | 2040 f6c4 | 0f0f 8419 | 0000 0048 | 83ec 0848 | b820 ceb1 | bdfc 7f00 | 00ff d048 
  0x000002bc8f7ccda0: 83c4 08e9 | 0c00 0000 | 48b8 20ce | b1bd fc7f | 0000 ffd0 | 4883 c420 | 49c7 87a0 | 0300 0000 
  0x000002bc8f7ccdc0: 0000 0049 | c787 b003 | 0000 0000 | 0000 49c7 | 87a8 0300 | 0000 0000 | 0049 837f | 0800 0f84 
  0x000002bc8f7ccde0: 0500 0000 | e917 41ff | ff4c 8b6d | c04c 8b75 | c84e 8d74 | f500 c348 | 8b5d e848 | 8b43 5849 
  0x000002bc8f7cce00: 8d8f c003 | 0000 4989 | afb0 0300 | 0049 ba06 | ce7c 8fbc | 0200 004d | 8997 a803 | 0000 4989 
  0x000002bc8f7cce20: a7a0 0300 | 0041 c787 | 5404 0000 | 0400 0000 | ffd0 4883 | ec10 f20f | 1104 2448 | 83ec 1048 
  0x000002bc8f7cce40: 8904 2448 | c744 2408 | 0000 0000 | 41c7 8754 | 0400 0005 | 0000 00f0 | 8344 24c0 | 0049 3baf 
  0x000002bc8f7cce60: 5804 0000 | 0f87 0e00 | 0000 4183 | bf50 0400 | 0000 0f84 | 2000 0000 | 498b cf4c | 8be4 4883 
  0x000002bc8f7cce80: ec20 4883 | e4f0 48b8 | 4023 b3bd | fc7f 0000 | ffd0 498b | e44d 33e4 | 41c7 8754 | 0400 0008 
  0x000002bc8f7ccea0: 0000 0049 | c787 a003 | 0000 0000 | 0000 49c7 | 87b0 0300 | 0000 0000 | 0049 c787 | a803 0000 
  0x000002bc8f7ccec0: 0000 0000 | 4d8b 9f30 | 0400 0041 | c783 0001 | 0000 0000 | 0000 49bb | faa4 7c8f | bc02 0000 
  0x000002bc8f7ccee0: 4c3b 5d18 | 0f85 3102 | 0000 488b | 0424 4883 | c410 4885 | c00f 840b | 0200 00a8 | 030f 8508 
  0x000002bc8f7ccf00: 0000 0048 | 8b00 e9fb | 0100 00a8 | 010f 8509 | 0000 0048 | 8b40 fee9 | ea01 0000 | 488b 40ff 
  0x000002bc8f7ccf20: 4180 7f38 | 000f 84db | 0100 0048 | 83f8 000f | 84d1 0100 | 004d 8b5f | 2849 83fb | 000f 8414 
  0x000002bc8f7ccf40: 0000 0049 | 83eb 084d | 895f 284d | 035f 3049 | 8903 e9af | 0100 0048 | 81ec d000 | 0000 4889 
  0x000002bc8f7ccf60: 0424 4889 | 4c24 0848 | 8954 2410 | 4889 7424 | 1848 897c | 2420 4c89 | 4424 284c | 894c 2430 
  0x000002bc8f7ccf80: 4c89 5424 | 384c 895c | 2440 f20f | 1144 2450 | f20f 114c | 2458 f20f | 1154 2460 | f20f 115c 
  0x000002bc8f7ccfa0: 2468 f20f | 1164 2470 | f20f 116c | 2478 f20f | 11b4 2480 | 0000 00f2 | 0f11 bc24 | 8800 0000 
  0x000002bc8f7ccfc0: f244 0f11 | 8424 9000 | 0000 f244 | 0f11 8c24 | 9800 0000 | f244 0f11 | 9424 a000 | 0000 f244 
  0x000002bc8f7ccfe0: 0f11 9c24 | a800 0000 | f244 0f11 | a424 b000 | 0000 f244 | 0f11 ac24 | b800 0000 | f244 0f11 
  0x000002bc8f7cd000: b424 c000 | 0000 f244 | 0f11 bc24 | c800 0000 | 498b d748 | 8bc8 4883 | ec20 40f6 | c40f 0f84 
  0x000002bc8f7cd020: 1900 0000 | 4883 ec08 | 48b8 303f | a6bd fc7f | 0000 ffd0 | 4883 c408 | e90c 0000 | 0048 b830 
  0x000002bc8f7cd040: 3fa6 bdfc | 7f00 00ff | d048 83c4 | 20f2 440f | 10bc 24c8 | 0000 00f2 | 440f 10b4 | 24c0 0000 
  0x000002bc8f7cd060: 00f2 440f | 10ac 24b8 | 0000 00f2 | 440f 10a4 | 24b0 0000 | 00f2 440f | 109c 24a8 | 0000 00f2 
  0x000002bc8f7cd080: 440f 1094 | 24a0 0000 | 00f2 440f | 108c 2498 | 0000 00f2 | 440f 1084 | 2490 0000 | 00f2 0f10 
  0x000002bc8f7cd0a0: bc24 8800 | 0000 f20f | 10b4 2480 | 0000 00f2 | 0f10 6c24 | 78f2 0f10 | 6424 70f2 | 0f10 5c24 
  0x000002bc8f7cd0c0: 68f2 0f10 | 5424 60f2 | 0f10 4c24 | 58f2 0f10 | 4424 504c | 8b5c 2440 | 4c8b 5424 | 384c 8b4c 
  0x000002bc8f7cd0e0: 2430 4c8b | 4424 2848 | 8b7c 2420 | 488b 7424 | 1848 8b54 | 2410 488b | 4c24 0848 | 8b04 2448 
  0x000002bc8f7cd100: 81c4 d000 | 0000 4889 | 4510 4883 | ec10 4889 | 0424 48c7 | 4424 0800 | 0000 0041 | 83bf d004 
  0x000002bc8f7cd120: 0000 020f | 85bf 0000 | 0048 81ec | 8000 0000 | 4889 4424 | 7848 894c | 2470 4889 | 5424 6848 
  0x000002bc8f7cd140: 895c 2460 | 4889 6c24 | 5048 8974 | 2448 4889 | 7c24 404c | 8944 2438 | 4c89 4c24 | 304c 8954 
  0x000002bc8f7cd160: 2428 4c89 | 5c24 204c | 8964 2418 | 4c89 6c24 | 104c 8974 | 2408 4c89 | 3c24 4c8b | e448 83ec 
  0x000002bc8f7cd180: 2048 83e4 | f048 b8d0 | f1e8 bdfc | 7f00 00ff | d049 8be4 | 4c8b 3c24 | 4c8b 7424 | 084c 8b6c 
  0x000002bc8f7cd1a0: 2410 4c8b | 6424 184c | 8b5c 2420 | 4c8b 5424 | 284c 8b4c | 2430 4c8b | 4424 3848 | 8b7c 2440 
  0x000002bc8f7cd1c0: 488b 7424 | 4848 8b6c | 2450 488b | 5c24 6048 | 8b54 2468 | 488b 4c24 | 7048 8b44 | 2478 4881 
  0x000002bc8f7cd1e0: c480 0000 | 004d 33e4 | 488b 5de8 | 4c8b 6b08 | 4d8d 6d38 | 4983 7f08 | 000f 84b5 | 0000 00e8 
  0x000002bc8f7cd200: 0500 0000 | e990 0000 | 0048 8d44 | 2408 4c89 | 6dc0 498b | cf49 89af | b003 0000 | 4989 87a0 
  0x000002bc8f7cd220: 0300 0048 | 83ec 2040 | f6c4 0f0f | 8419 0000 | 0048 83ec | 0848 b860 | ecb1 bdfc | 7f00 00ff 
  0x000002bc8f7cd240: d048 83c4 | 08e9 0c00 | 0000 48b8 | 60ec b1bd | fc7f 0000 | ffd0 4883 | c420 49c7 | 87a0 0300 
  0x000002bc8f7cd260: 0000 0000 | 0049 c787 | b003 0000 | 0000 0000 | 49c7 87a8 | 0300 0000 | 0000 0049 | 837f 0800 
  0x000002bc8f7cd280: 0f84 0500 | 0000 e975 | 3cff ff4c | 8b6d c04c | 8b75 c84e | 8d74 f500 | c348 b9c0 | 2810 befc 
  0x000002bc8f7cd2a0: 7f00 0048 | 83e4 f048 | b830 99d7 | bdfc 7f00 | 00ff d0f4 | 448b 5b28 | 41f6 c320 | 0f84 3e01 
  0x000002bc8f7cd2c0: 0000 488d | 55a8 4c8b | 5a08 4d85 | db0f 85b5 | 0000 00e8 | 0500 0000 | e990 0000 | 0048 8d44 
  0x000002bc8f7cd2e0: 2408 4c89 | 6dc0 498b | cf49 89af | b003 0000 | 4989 87a0 | 0300 0048 | 83ec 2040 | f6c4 0f0f 
  0x000002bc8f7cd300: 8419 0000 | 0048 83ec | 0848 b890 | ebb1 bdfc | 7f00 00ff | d048 83c4 | 08e9 0c00 | 0000 48b8 
  0x000002bc8f7cd320: 90eb b1bd | fc7f 0000 | ffd0 4883 | c420 49c7 | 87a0 0300 | 0000 0000 | 0049 c787 | b003 0000 
  0x000002bc8f7cd340: 0000 0000 | 49c7 87a8 | 0300 0000 | 0000 0049 | 837f 0800 | 0f84 0500 | 0000 e9a1 | 3bff ff4c 
  0x000002bc8f7cd360: 8b6d c04c | 8b75 c84e | 8d74 f500 | c348 b9c0 | 2810 befc | 7f00 0048 | 83e4 f048 | b830 99d7 
  0x000002bc8f7cd380: bdfc 7f00 | 00ff d0f4 | 4c89 6dc0 | 488d 024c | 8b4a 0848 | c742 0800 | 0000 004c | 8b00 4d85 
  0x000002bc8f7cd3a0: c00f 840b | 0000 00f0 | 4d0f b101 | 0f85 0c00 | 0000 49ff | 8f58 0500 | 00e9 3e00 | 0000 4c89 
  0x000002bc8f7cd3c0: 4a08 488b | ca48 83ec | 2040 f6c4 | 0f0f 8419 | 0000 0048 | 83ec 0848 | b820 beb1 | bdfc 7f00 
  0x000002bc8f7cd3e0: 00ff d048 | 83c4 08e9 | 0c00 0000 | 48b8 20be | b1bd fc7f | 0000 ffd0 | 4883 c420 | 4c8b 6dc0 
  0x000002bc8f7cd400: 49ba 6c40 | 38be fc7f | 0000 4180 | 3a00 0f84 | 3e00 0000 | 488b 55e8 | 498b cf48 | 83ec 2040 
  0x000002bc8f7cd420: f6c4 0f0f | 8419 0000 | 0048 83ec | 0848 b880 | b9e8 bdfc | 7f00 00ff | d048 83c4 | 08e9 0c00 
  0x000002bc8f7cd440: 0000 48b8 | 80b9 e8bd | fc7f 0000 | ffd0 4883 | c420 488b | 0424 4883 | c410 f20f | 1004 2448 
  0x000002bc8f7cd460: 83c4 104c | 8b5d 1841 | ffd3 4c8b | 5df8 c95f | 498b e3ff | e7ba 0000 | 0000 e805 | 0000 00e9 
  0x000002bc8f7cd480: 9000 0000 | 488d 4424 | 084c 896d | c049 8bcf | 4989 afb0 | 0300 0049 | 8987 a003 | 0000 4883 
  0x000002bc8f7cd4a0: ec20 40f6 | c40f 0f84 | 1900 0000 | 4883 ec08 | 48b8 e0b1 | b1bd fc7f | 0000 ffd0 | 4883 c408 
  0x000002bc8f7cd4c0: e90c 0000 | 0048 b8e0 | b1b1 bdfc | 7f00 00ff | d048 83c4 | 2049 c787 | a003 0000 | 0000 0000 
  0x000002bc8f7cd4e0: 49c7 87b0 | 0300 0000 | 0000 0049 | c787 a803 | 0000 0000 | 0000 4983 | 7f08 000f | 8405 0000 
  0x000002bc8f7cd500: 00e9 fa39 | ffff 4c8b | 6dc0 4c8b | 75c8 4e8d | 74f5 00c3 | 488b 5de8 | e975 f6ff | ff66 6690 
[/MachCode]

---------------  P R O C E S S  ---------------

Threads class SMR info:
_java_thread_list=0x000002bc976000c0, length=11, elements={
0x000002bcf8b75d20, 0x000002bc973ca400, 0x000002bc973cb4d0, 0x000002bc973d2150,
0x000002bc973d2d60, 0x000002bc973d4770, 0x000002bc973d4e00, 0x000002bc973e0cf0,
0x000002bc973e17a0, 0x000002bc973d5490, 0x000002bc973d7560
}

Java Threads: ( => current thread )
=>0x000002bcf8b75d20 JavaThread "main"                              [_thread_in_vm, id=18600, stack(0x000000dde8000000,0x000000dde8100000) (1024K)]
  0x000002bc973ca400 JavaThread "Reference Handler"          daemon [_thread_blocked, id=23896, stack(0x000000dde8800000,0x000000dde8900000) (1024K)]
  0x000002bc973cb4d0 JavaThread "Finalizer"                  daemon [_thread_blocked, id=12152, stack(0x000000dde8900000,0x000000dde8a00000) (1024K)]
  0x000002bc973d2150 JavaThread "Signal Dispatcher"          daemon [_thread_blocked, id=24340, stack(0x000000dde8a00000,0x000000dde8b00000) (1024K)]
  0x000002bc973d2d60 JavaThread "Attach Listener"            daemon [_thread_blocked, id=26340, stack(0x000000dde8b00000,0x000000dde8c00000) (1024K)]
  0x000002bc973d4770 JavaThread "Service Thread"             daemon [_thread_blocked, id=22748, stack(0x000000dde8c00000,0x000000dde8d00000) (1024K)]
  0x000002bc973d4e00 JavaThread "Monitor Deflation Thread"   daemon [_thread_blocked, id=26100, stack(0x000000dde8d00000,0x000000dde8e00000) (1024K)]
  0x000002bc973e0cf0 JavaThread "C2 CompilerThread0"         daemon [_thread_blocked, id=23860, stack(0x000000dde8e00000,0x000000dde8f00000) (1024K)]
  0x000002bc973e17a0 JavaThread "C1 CompilerThread0"         daemon [_thread_blocked, id=25208, stack(0x000000dde8f00000,0x000000dde9000000) (1024K)]
  0x000002bc973d5490 JavaThread "Notification Thread"        daemon [_thread_blocked, id=2720, stack(0x000000dde9000000,0x000000dde9100000) (1024K)]
  0x000002bc973d7560 JavaThread "Common-Cleaner"             daemon [_thread_blocked, id=764, stack(0x000000dde9100000,0x000000dde9200000) (1024K)]
Total: 11

Other Threads:
  0x000002bcf8d3a7c0 VMThread "VM Thread"                           [id=21692, stack(0x000000dde8700000,0x000000dde8800000) (1024K)]
  0x000002bcf8d269b0 WatcherThread "VM Periodic Task Thread"        [id=18624, stack(0x000000dde8600000,0x000000dde8700000) (1024K)]
  0x000002bcf8cbc6e0 WorkerThread "GC Thread#0"                     [id=26448, stack(0x000000dde8100000,0x000000dde8200000) (1024K)]
  0x000002bcdd0c25b0 WorkerThread "GC Thread#1"                     [id=25492, stack(0x000000dde9200000,0x000000dde9300000) (1024K)]
  0x000002bcf8cc6310 ConcurrentGCThread "G1 Main Marker"            [id=20192, stack(0x000000dde8200000,0x000000dde8300000) (1024K)]
  0x000002bcf8cc6e20 WorkerThread "G1 Conc#0"                       [id=6592, stack(0x000000dde8300000,0x000000dde8400000) (1024K)]
  0x000002bcf8d18cc0 ConcurrentGCThread "G1 Refine#0"               [id=15848, stack(0x000000dde8400000,0x000000dde8500000) (1024K)]
  0x000002bcf8d19840 ConcurrentGCThread "G1 Service"                [id=10128, stack(0x000000dde8500000,0x000000dde8600000) (1024K)]
Total: 8

Threads with active compile tasks:
Total: 0

VM state: not at safepoint (normal execution)

VM Mutex/Monitor currently owned by a thread:  ([mutex/lock_event])
[0x00007ffcbe3aab00] Metaspace_lock - owner thread: 0x000002bcf8b75d20

Heap address: 0x00000000c2c00000, size: 980 MB, Compressed Oops mode: 32-bit

CDS archive(s) mapped at: [0x000002bc98000000-0x000002bc98c60000-0x000002bc98c60000), size 12976128, SharedBaseAddress: 0x000002bc98000000, ArchiveRelocationMode: 1.
Compressed class space mapped at: 0x000002bc99000000-0x000002bcd9000000, reserved size: 1073741824
Narrow klass base: 0x000002bc98000000, Narrow klass shift: 0, Narrow klass range: 0x41000000

GC Precious Log:
 CardTable entry size: 512
 Card Set container configuration: InlinePtr #cards 5 size 8 Array Of Cards #cards 12 size 40 Howl #buckets 4 coarsen threshold 1843 Howl Bitmap #cards 512 size 80 coarsen threshold 460 Card regions per heap region 1 cards per card region 2048
 CPUs: 2 total, 2 available
 Memory: 3918M
 Large Page Support: Disabled
 NUMA Support: Disabled
 Compressed Oops: Enabled (32-bit)
 Heap Region Size: 1M
 Heap Min Capacity: 8M
 Heap Initial Capacity: 62M
 Heap Max Capacity: 980M
 Pre-touch: Disabled
 Parallel Workers: 2
 Concurrent Workers: 1
 Concurrent Refinement Workers: 2
 Periodic GC: Disabled

Heap:
 garbage-first heap   total reserved 1003520K, committed 63488K, used 3415K [0x00000000c2c00000, 0x0000000100000000)
  region size 1024K, 2 young (2048K), 1 survivors (1024K)
 Metaspace       used 4393K, committed 4544K, reserved 1114112K
  class space    used 465K, committed 512K, reserved 1048576K

Heap Regions: E=young(eden), S=young(survivor), O=old, HS=humongous(starts), HC=humongous(continues), CS=collection set, F=free, TAMS=top-at-mark-start, PB=parsable bottom
|   0|0x00000000c2c00000, 0x00000000c2d00000, 0x00000000c2d00000|100%| O|  |TAMS 0x00000000c2c00000| PB 0x00000000c2c00000| Untracked |  0
|   1|0x00000000c2d00000, 0x00000000c2e00000, 0x00000000c2e00000|100%| O|  |TAMS 0x00000000c2d00000| PB 0x00000000c2d00000| Untracked |  0
|   2|0x00000000c2e00000, 0x00000000c2e55c80, 0x00000000c2f00000| 33%| O|  |TAMS 0x00000000c2e00000| PB 0x00000000c2e00000| Untracked |  0
|   3|0x00000000c2f00000, 0x00000000c2f00000, 0x00000000c3000000|  0%| F|  |TAMS 0x00000000c2f00000| PB 0x00000000c2f00000| Untracked |  0
|   4|0x00000000c3000000, 0x00000000c3000000, 0x00000000c3100000|  0%| F|  |TAMS 0x00000000c3000000| PB 0x00000000c3000000| Untracked |  0
|   5|0x00000000c3100000, 0x00000000c3100000, 0x00000000c3200000|  0%| F|  |TAMS 0x00000000c3100000| PB 0x00000000c3100000| Untracked |  0
|   6|0x00000000c3200000, 0x00000000c3200000, 0x00000000c3300000|  0%| F|  |TAMS 0x00000000c3200000| PB 0x00000000c3200000| Untracked |  0
|   7|0x00000000c3300000, 0x00000000c3300000, 0x00000000c3400000|  0%| F|  |TAMS 0x00000000c3300000| PB 0x00000000c3300000| Untracked |  0
|   8|0x00000000c3400000, 0x00000000c3400000, 0x00000000c3500000|  0%| F|  |TAMS 0x00000000c3400000| PB 0x00000000c3400000| Untracked |  0
|   9|0x00000000c3500000, 0x00000000c3500000, 0x00000000c3600000|  0%| F|  |TAMS 0x00000000c3500000| PB 0x00000000c3500000| Untracked |  0
|  10|0x00000000c3600000, 0x00000000c3600000, 0x00000000c3700000|  0%| F|  |TAMS 0x00000000c3600000| PB 0x00000000c3600000| Untracked |  0
|  11|0x00000000c3700000, 0x00000000c3700000, 0x00000000c3800000|  0%| F|  |TAMS 0x00000000c3700000| PB 0x00000000c3700000| Untracked |  0
|  12|0x00000000c3800000, 0x00000000c3800000, 0x00000000c3900000|  0%| F|  |TAMS 0x00000000c3800000| PB 0x00000000c3800000| Untracked |  0
|  13|0x00000000c3900000, 0x00000000c3900000, 0x00000000c3a00000|  0%| F|  |TAMS 0x00000000c3900000| PB 0x00000000c3900000| Untracked |  0
|  14|0x00000000c3a00000, 0x00000000c3a00000, 0x00000000c3b00000|  0%| F|  |TAMS 0x00000000c3a00000| PB 0x00000000c3a00000| Untracked |  0
|  15|0x00000000c3b00000, 0x00000000c3b00000, 0x00000000c3c00000|  0%| F|  |TAMS 0x00000000c3b00000| PB 0x00000000c3b00000| Untracked |  0
|  16|0x00000000c3c00000, 0x00000000c3c00000, 0x00000000c3d00000|  0%| F|  |TAMS 0x00000000c3c00000| PB 0x00000000c3c00000| Untracked |  0
|  17|0x00000000c3d00000, 0x00000000c3d00000, 0x00000000c3e00000|  0%| F|  |TAMS 0x00000000c3d00000| PB 0x00000000c3d00000| Untracked |  0
|  18|0x00000000c3e00000, 0x00000000c3e00000, 0x00000000c3f00000|  0%| F|  |TAMS 0x00000000c3e00000| PB 0x00000000c3e00000| Untracked |  0
|  19|0x00000000c3f00000, 0x00000000c3f00000, 0x00000000c4000000|  0%| F|  |TAMS 0x00000000c3f00000| PB 0x00000000c3f00000| Untracked |  0
|  20|0x00000000c4000000, 0x00000000c4000000, 0x00000000c4100000|  0%| F|  |TAMS 0x00000000c4000000| PB 0x00000000c4000000| Untracked |  0
|  21|0x00000000c4100000, 0x00000000c4100000, 0x00000000c4200000|  0%| F|  |TAMS 0x00000000c4100000| PB 0x00000000c4100000| Untracked |  0
|  22|0x00000000c4200000, 0x00000000c4200000, 0x00000000c4300000|  0%| F|  |TAMS 0x00000000c4200000| PB 0x00000000c4200000| Untracked |  0
|  23|0x00000000c4300000, 0x00000000c4300000, 0x00000000c4400000|  0%| F|  |TAMS 0x00000000c4300000| PB 0x00000000c4300000| Untracked |  0
|  24|0x00000000c4400000, 0x00000000c4400000, 0x00000000c4500000|  0%| F|  |TAMS 0x00000000c4400000| PB 0x00000000c4400000| Untracked |  0
|  25|0x00000000c4500000, 0x00000000c4500000, 0x00000000c4600000|  0%| F|  |TAMS 0x00000000c4500000| PB 0x00000000c4500000| Untracked |  0
|  26|0x00000000c4600000, 0x00000000c4600000, 0x00000000c4700000|  0%| F|  |TAMS 0x00000000c4600000| PB 0x00000000c4600000| Untracked |  0
|  27|0x00000000c4700000, 0x00000000c4700000, 0x00000000c4800000|  0%| F|  |TAMS 0x00000000c4700000| PB 0x00000000c4700000| Untracked |  0
|  28|0x00000000c4800000, 0x00000000c4800000, 0x00000000c4900000|  0%| F|  |TAMS 0x00000000c4800000| PB 0x00000000c4800000| Untracked |  0
|  29|0x00000000c4900000, 0x00000000c4900000, 0x00000000c4a00000|  0%| F|  |TAMS 0x00000000c4900000| PB 0x00000000c4900000| Untracked |  0
|  30|0x00000000c4a00000, 0x00000000c4a00000, 0x00000000c4b00000|  0%| F|  |TAMS 0x00000000c4a00000| PB 0x00000000c4a00000| Untracked |  0
|  31|0x00000000c4b00000, 0x00000000c4b00000, 0x00000000c4c00000|  0%| F|  |TAMS 0x00000000c4b00000| PB 0x00000000c4b00000| Untracked |  0
|  32|0x00000000c4c00000, 0x00000000c4c00000, 0x00000000c4d00000|  0%| F|  |TAMS 0x00000000c4c00000| PB 0x00000000c4c00000| Untracked |  0
|  33|0x00000000c4d00000, 0x00000000c4d00000, 0x00000000c4e00000|  0%| F|  |TAMS 0x00000000c4d00000| PB 0x00000000c4d00000| Untracked |  0
|  34|0x00000000c4e00000, 0x00000000c4e00000, 0x00000000c4f00000|  0%| F|  |TAMS 0x00000000c4e00000| PB 0x00000000c4e00000| Untracked |  0
|  35|0x00000000c4f00000, 0x00000000c4f00000, 0x00000000c5000000|  0%| F|  |TAMS 0x00000000c4f00000| PB 0x00000000c4f00000| Untracked |  0
|  36|0x00000000c5000000, 0x00000000c5000000, 0x00000000c5100000|  0%| F|  |TAMS 0x00000000c5000000| PB 0x00000000c5000000| Untracked |  0
|  37|0x00000000c5100000, 0x00000000c5100000, 0x00000000c5200000|  0%| F|  |TAMS 0x00000000c5100000| PB 0x00000000c5100000| Untracked |  0
|  38|0x00000000c5200000, 0x00000000c5200000, 0x00000000c5300000|  0%| F|  |TAMS 0x00000000c5200000| PB 0x00000000c5200000| Untracked |  0
|  39|0x00000000c5300000, 0x00000000c5300000, 0x00000000c5400000|  0%| F|  |TAMS 0x00000000c5300000| PB 0x00000000c5300000| Untracked |  0
|  40|0x00000000c5400000, 0x00000000c5400000, 0x00000000c5500000|  0%| F|  |TAMS 0x00000000c5400000| PB 0x00000000c5400000| Untracked |  0
|  41|0x00000000c5500000, 0x00000000c5500000, 0x00000000c5600000|  0%| F|  |TAMS 0x00000000c5500000| PB 0x00000000c5500000| Untracked |  0
|  42|0x00000000c5600000, 0x00000000c5600000, 0x00000000c5700000|  0%| F|  |TAMS 0x00000000c5600000| PB 0x00000000c5600000| Untracked |  0
|  43|0x00000000c5700000, 0x00000000c5700000, 0x00000000c5800000|  0%| F|  |TAMS 0x00000000c5700000| PB 0x00000000c5700000| Untracked |  0
|  44|0x00000000c5800000, 0x00000000c5800000, 0x00000000c5900000|  0%| F|  |TAMS 0x00000000c5800000| PB 0x00000000c5800000| Untracked |  0
|  45|0x00000000c5900000, 0x00000000c5900000, 0x00000000c5a00000|  0%| F|  |TAMS 0x00000000c5900000| PB 0x00000000c5900000| Untracked |  0
|  46|0x00000000c5a00000, 0x00000000c5a00000, 0x00000000c5b00000|  0%| F|  |TAMS 0x00000000c5a00000| PB 0x00000000c5a00000| Untracked |  0
|  47|0x00000000c5b00000, 0x00000000c5b00000, 0x00000000c5c00000|  0%| F|  |TAMS 0x00000000c5b00000| PB 0x00000000c5b00000| Untracked |  0
|  48|0x00000000c5c00000, 0x00000000c5c00000, 0x00000000c5d00000|  0%| F|  |TAMS 0x00000000c5c00000| PB 0x00000000c5c00000| Untracked |  0
|  49|0x00000000c5d00000, 0x00000000c5d00000, 0x00000000c5e00000|  0%| F|  |TAMS 0x00000000c5d00000| PB 0x00000000c5d00000| Untracked |  0
|  50|0x00000000c5e00000, 0x00000000c5e00000, 0x00000000c5f00000|  0%| F|  |TAMS 0x00000000c5e00000| PB 0x00000000c5e00000| Untracked |  0
|  51|0x00000000c5f00000, 0x00000000c5f00000, 0x00000000c6000000|  0%| F|  |TAMS 0x00000000c5f00000| PB 0x00000000c5f00000| Untracked |  0
|  52|0x00000000c6000000, 0x00000000c6000000, 0x00000000c6100000|  0%| F|  |TAMS 0x00000000c6000000| PB 0x00000000c6000000| Untracked |  0
|  53|0x00000000c6100000, 0x00000000c6100000, 0x00000000c6200000|  0%| F|  |TAMS 0x00000000c6100000| PB 0x00000000c6100000| Untracked |  0
|  54|0x00000000c6200000, 0x00000000c6200000, 0x00000000c6300000|  0%| F|  |TAMS 0x00000000c6200000| PB 0x00000000c6200000| Untracked |  0
|  55|0x00000000c6300000, 0x00000000c6400000, 0x00000000c6400000|100%| S|CS|TAMS 0x00000000c6300000| PB 0x00000000c6300000| Complete |  0
|  56|0x00000000c6400000, 0x00000000c6400000, 0x00000000c6500000|  0%| F|  |TAMS 0x00000000c6400000| PB 0x00000000c6400000| Untracked |  0
|  57|0x00000000c6500000, 0x00000000c6500000, 0x00000000c6600000|  0%| F|  |TAMS 0x00000000c6500000| PB 0x00000000c6500000| Untracked |  0
|  58|0x00000000c6600000, 0x00000000c6600000, 0x00000000c6700000|  0%| F|  |TAMS 0x00000000c6600000| PB 0x00000000c6600000| Untracked |  0
|  59|0x00000000c6700000, 0x00000000c6700000, 0x00000000c6800000|  0%| F|  |TAMS 0x00000000c6700000| PB 0x00000000c6700000| Untracked |  0
|  60|0x00000000c6800000, 0x00000000c6800000, 0x00000000c6900000|  0%| F|  |TAMS 0x00000000c6800000| PB 0x00000000c6800000| Untracked |  0
|  61|0x00000000c6900000, 0x00000000c698ef78, 0x00000000c6a00000| 55%| E|  |TAMS 0x00000000c6900000| PB 0x00000000c6900000| Complete |  0

Card table byte_map: [0x000002bcfab20000,0x000002bcfad10000] _byte_map_base: 0x000002bcfa50a000

Marking Bits: (CMBitMap*) 0x000002bcf8cbcdf0
 Bits: [0x000002bcfad10000, 0x000002bcfbc60000)

Polling page: 0x000002bcf8d40000

Metaspace:

Usage:
  Non-class:      3.84 MB used.
      Class:    465.95 KB used.
       Both:      4.29 MB used.

Virtual space:
  Non-class space:       64.00 MB reserved,       3.94 MB (  6%) committed,  1 nodes.
      Class space:        1.00 GB reserved,     512.00 KB ( <1%) committed,  1 nodes.
             Both:        1.06 GB reserved,       4.44 MB ( <1%) committed. 

Chunk freelists:
   Non-Class:  9.91 MB
       Class:  15.44 MB
        Both:  25.34 MB

MaxMetaspaceSize: unlimited
CompressedClassSpaceSize: 1.00 GB
Initial GC threshold: 21.00 MB
Current GC threshold: 21.00 MB
CDS: on
 - commit_granule_bytes: 65536.
 - commit_granule_words: 8192.
 - virtual_space_node_default_size: 8388608.
 - enlarge_chunks_in_place: 1.
 - use_allocation_guard: 0.


Internal statistics:

num_allocs_failed_limit: 0.
num_arena_births: 40.
num_arena_deaths: 0.
num_vsnodes_births: 2.
num_vsnodes_deaths: 0.
num_space_committed: 71.
num_space_uncommitted: 0.
num_chunks_returned_to_freelist: 0.
num_chunks_taken_from_freelist: 154.
num_chunk_merges: 0.
num_chunk_splits: 104.
num_chunks_enlarged: 84.
num_inconsistent_stats: 0.

CodeHeap 'non-profiled nmethods': size=120064Kb used=270Kb max_used=270Kb free=119793Kb
 bounds [0x000002bc8fd50000, 0x000002bc8ffc0000, 0x000002bc97290000]
CodeHeap 'profiled nmethods': size=120000Kb used=1774Kb max_used=1774Kb free=118225Kb
 bounds [0x000002bc88290000, 0x000002bc88500000, 0x000002bc8f7c0000]
CodeHeap 'non-nmethods': size=5696Kb used=1362Kb max_used=1376Kb free=4333Kb
 bounds [0x000002bc8f7c0000, 0x000002bc8fa30000, 0x000002bc8fd50000]
 total_blobs=1397 nmethods=936 adapters=367
 compilation: enabled
              stopped_count=0, restarted_count=0
 full_count=0

Compilation events (20 events):
Event: 3.498 Thread 0x000002bc973e17a0 nmethod 925 0x000002bc88445290 code [0x000002bc88445560, 0x000002bc884463d0]
Event: 3.500 Thread 0x000002bc973e17a0  927       3       java.util.TreeMap::navigableKeySet (27 bytes)
Event: 3.501 Thread 0x000002bc973e17a0 nmethod 927 0x000002bc88446890 code [0x000002bc88446a60, 0x000002bc88446e40]
Event: 3.502 Thread 0x000002bc973e17a0  928       3       java.util.TreeMap$PrivateEntryIterator::<init> (28 bytes)
Event: 3.502 Thread 0x000002bc973e17a0 nmethod 928 0x000002bc88446f90 code [0x000002bc88447140, 0x000002bc884473a0]
Event: 3.506 Thread 0x000002bc973e17a0  930       3       java.net.URLClassLoader::getAndVerifyPackage (109 bytes)
Event: 3.507 Thread 0x000002bc973e17a0 nmethod 930 0x000002bc88447490 code [0x000002bc88447800, 0x000002bc88448980]
Event: 3.508 Thread 0x000002bc973e17a0  931   !   3       java.net.URLClassLoader::findClass (47 bytes)
Event: 3.509 Thread 0x000002bc973e17a0 nmethod 931 0x000002bc88448f90 code [0x000002bc88449180, 0x000002bc88449788]
Event: 3.509 Thread 0x000002bc973e17a0  932       3       java.net.URLClassLoader$1::run (5 bytes)
Event: 3.509 Thread 0x000002bc973e17a0 nmethod 932 0x000002bc88449990 code [0x000002bc88449b40, 0x000002bc88449c98]
Event: 3.516 Thread 0x000002bc973e17a0  933       3       java.security.CodeSource::matchCerts (254 bytes)
Event: 3.517 Thread 0x000002bc973e17a0 nmethod 933 0x000002bc88449d90 code [0x000002bc8844a000, 0x000002bc8844aab8]
Event: 3.530 Thread 0x000002bc973e0cf0 nmethod 926 0x000002bc8fd91110 code [0x000002bc8fd91380, 0x000002bc8fd923b0]
Event: 3.530 Thread 0x000002bc973e0cf0  929       4       sun.net.www.ParseUtil::firstEncodeIndex (86 bytes)
Event: 3.549 Thread 0x000002bc973e0cf0 nmethod 929 0x000002bc8fd92f10 code [0x000002bc8fd930c0, 0x000002bc8fd93338]
Event: 3.582 Thread 0x000002bc973e17a0  934   !   3       java.util.zip.ZipFile$CleanableResource::releaseInflater (53 bytes)
Event: 3.583 Thread 0x000002bc973e17a0 nmethod 934 0x000002bc8844ae90 code [0x000002bc8844b080, 0x000002bc8844b4b8]
Event: 3.597 Thread 0x000002bc973e17a0  936       3       java.lang.invoke.MethodType::parameterSlotCount (8 bytes)
Event: 3.597 Thread 0x000002bc973e17a0 nmethod 936 0x000002bc8844b690 code [0x000002bc8844b820, 0x000002bc8844b950]

GC Heap History (4 events):
Event: 2.505 GC heap before
{Heap before GC invocations=0 (full 0):
 garbage-first heap   total reserved 1003520K, committed 63488K, used 7168K [0x00000000c2c00000, 0x0000000100000000)
  region size 1024K, 7 young (7168K), 0 survivors (0K)
 Metaspace       used 2460K, committed 2624K, reserved 1114112K
  class space    used 228K, committed 320K, reserved 1048576K
}
Event: 2.517 GC heap after
{Heap after GC invocations=1 (full 0):
 garbage-first heap   total reserved 1003520K, committed 63488K, used 2208K [0x00000000c2c00000, 0x0000000100000000)
  region size 1024K, 1 young (1024K), 1 survivors (1024K)
 Metaspace       used 2460K, committed 2624K, reserved 1114112K
  class space    used 228K, committed 320K, reserved 1048576K
}
Event: 3.556 GC heap before
{Heap before GC invocations=1 (full 0):
 garbage-first heap   total reserved 1003520K, committed 63488K, used 8352K [0x00000000c2c00000, 0x0000000100000000)
  region size 1024K, 7 young (7168K), 1 survivors (1024K)
 Metaspace       used 4151K, committed 4288K, reserved 1114112K
  class space    used 430K, committed 512K, reserved 1048576K
}
Event: 3.563 GC heap after
{Heap after GC invocations=2 (full 0):
 garbage-first heap   total reserved 1003520K, committed 63488K, used 3415K [0x00000000c2c00000, 0x0000000100000000)
  region size 1024K, 1 young (1024K), 1 survivors (1024K)
 Metaspace       used 4151K, committed 4288K, reserved 1114112K
  class space    used 430K, committed 512K, reserved 1048576K
}

Dll operation events (8 events):
Event: 0.031 Loaded shared library C:\Program Files\Java\jdk-22\bin\java.dll
Event: 0.145 Loaded shared library C:\Program Files\Java\jdk-22\bin\jsvml.dll
Event: 0.227 Loaded shared library C:\Program Files\Java\jdk-22\bin\net.dll
Event: 0.235 Loaded shared library C:\Program Files\Java\jdk-22\bin\nio.dll
Event: 0.246 Loaded shared library C:\Program Files\Java\jdk-22\bin\zip.dll
Event: 0.829 Loaded shared library C:\Program Files\Java\jdk-22\bin\jimage.dll
Event: 1.298 Loaded shared library C:\Program Files\NetBeans-22\netbeans\java\maven\lib\jansi-native\Windows\x86_64\jansi.dll
Event: 1.403 Loaded shared library C:\Program Files\Java\jdk-22\bin\verify.dll

Deoptimization events (20 events):
Event: 2.421 Thread 0x000002bcf8b75d20 Uncommon trap: trap_request=0xffffff45 fr.pc=0x000002bc8fd78360 relative=0x00000000000000c0
Event: 2.421 Thread 0x000002bcf8b75d20 Uncommon trap: reason=unstable_if action=reinterpret pc=0x000002bc8fd78360 method=org.codehaus.plexus.util.xml.pull.MXParser.more()C @ 8 c2
Event: 2.421 Thread 0x000002bcf8b75d20 DEOPT PACKING pc=0x000002bc8fd78360 sp=0x000000dde80fec90
Event: 2.421 Thread 0x000002bcf8b75d20 DEOPT UNPACKING pc=0x000002bc8f81469c sp=0x000000dde80fec20 mode 2
Event: 2.731 Thread 0x000002bcf8b75d20 Uncommon trap: trap_request=0xffffff45 fr.pc=0x000002bc8fd5d26c relative=0x000000000000048c
Event: 2.731 Thread 0x000002bcf8b75d20 Uncommon trap: reason=unstable_if action=reinterpret pc=0x000002bc8fd5d26c method=java.lang.StringLatin1.canEncode(C)Z @ 4 c2
Event: 2.731 Thread 0x000002bcf8b75d20 DEOPT PACKING pc=0x000002bc8fd5d26c sp=0x000000dde80fe600
Event: 2.731 Thread 0x000002bcf8b75d20 DEOPT UNPACKING pc=0x000002bc8f81469c sp=0x000000dde80fe520 mode 2
Event: 2.731 Thread 0x000002bcf8b75d20 Uncommon trap: trap_request=0xffffff45 fr.pc=0x000002bc8fd74e48 relative=0x0000000000000468
Event: 2.731 Thread 0x000002bcf8b75d20 Uncommon trap: reason=unstable_if action=reinterpret pc=0x000002bc8fd74e48 method=java.lang.AbstractStringBuilder.isLatin1()Z @ 10 c2
Event: 2.731 Thread 0x000002bcf8b75d20 DEOPT PACKING pc=0x000002bc8fd74e48 sp=0x000000dde80fe610
Event: 2.731 Thread 0x000002bcf8b75d20 DEOPT UNPACKING pc=0x000002bc8f81469c sp=0x000000dde80fe5a0 mode 2
Event: 2.731 Thread 0x000002bcf8b75d20 Uncommon trap: trap_request=0xffffff45 fr.pc=0x000002bc8fd5dfec relative=0x000000000000006c
Event: 2.731 Thread 0x000002bcf8b75d20 Uncommon trap: reason=unstable_if action=reinterpret pc=0x000002bc8fd5dfec method=java.lang.AbstractStringBuilder.isLatin1()Z @ 10 c2
Event: 2.731 Thread 0x000002bcf8b75d20 DEOPT PACKING pc=0x000002bc8fd5dfec sp=0x000000dde80fe610
Event: 2.731 Thread 0x000002bcf8b75d20 DEOPT UNPACKING pc=0x000002bc8f81469c sp=0x000000dde80fe5a0 mode 2
Event: 2.746 Thread 0x000002bcf8b75d20 DEOPT PACKING pc=0x000002bc882ed8a5 sp=0x000000dde80fc510
Event: 2.746 Thread 0x000002bcf8b75d20 DEOPT UNPACKING pc=0x000002bc8f814e23 sp=0x000000dde80fb960 mode 0
Event: 3.368 Thread 0x000002bcf8b75d20 DEOPT PACKING pc=0x000002bc882ca943 sp=0x000000dde80f9460
Event: 3.368 Thread 0x000002bcf8b75d20 DEOPT UNPACKING pc=0x000002bc8f814e23 sp=0x000000dde80f88d8 mode 0

Classes loaded (20 events):
Event: 3.593 Loading class sun/reflect/generics/tree/Signature done
Event: 3.593 Loading class sun/reflect/generics/tree/ClassSignature done
Event: 3.593 Loading class sun/reflect/annotation/TypeAnnotation$TypeAnnotationTarget
Event: 3.594 Loading class sun/reflect/annotation/TypeAnnotation$TypeAnnotationTarget done
Event: 3.594 Loading class sun/reflect/annotation/TypeAnnotation$LocationInfo
Event: 3.594 Loading class sun/reflect/annotation/TypeAnnotation$LocationInfo done
Event: 3.594 Loading class sun/reflect/annotation/TypeAnnotation$LocationInfo$Location
Event: 3.594 Loading class sun/reflect/annotation/TypeAnnotation$LocationInfo$Location done
Event: 3.594 Loading class sun/reflect/annotation/AnnotatedTypeFactory
Event: 3.594 Loading class sun/reflect/annotation/AnnotatedTypeFactory done
Event: 3.594 Loading class sun/reflect/annotation/AnnotatedTypeFactory$AnnotatedTypeBaseImpl
Event: 3.595 Loading class java/lang/reflect/AnnotatedType
Event: 3.595 Loading class java/lang/reflect/AnnotatedType done
Event: 3.595 Loading class sun/reflect/annotation/AnnotatedTypeFactory$AnnotatedTypeBaseImpl done
Event: 3.595 Loading class java/util/stream/Streams$ConcatSpliterator$OfRef
Event: 3.596 Loading class java/util/stream/Streams$ConcatSpliterator
Event: 3.596 Loading class java/util/stream/Streams$ConcatSpliterator done
Event: 3.596 Loading class java/util/stream/Streams$ConcatSpliterator$OfRef done
Event: 3.596 Loading class java/util/stream/Streams$2
Event: 3.596 Loading class java/util/stream/Streams$2 done

Classes unloaded (0 events):
No events

Classes redefined (0 events):
No events

Internal exceptions (20 events):
Event: 0.819 Thread 0x000002bcf8b75d20 Exception <a 'java/lang/NullPointerException'{0x00000000c66fca10}> (0x00000000c66fca10) 
thrown [s\open\src\hotspot\share\interpreter\linkResolver.cpp, line 1374]
Event: 1.311 Thread 0x000002bcf8b75d20 Exception <a 'java/lang/NullPointerException'{0x00000000c6535f38}> (0x00000000c6535f38) 
thrown [s\open\src\hotspot\share\interpreter\linkResolver.cpp, line 1374]
Event: 1.312 Thread 0x000002bcf8b75d20 Exception <a 'java/lang/NullPointerException'{0x00000000c6536218}> (0x00000000c6536218) 
thrown [s\open\src\hotspot\share\interpreter\linkResolver.cpp, line 1374]
Event: 1.312 Thread 0x000002bcf8b75d20 Exception <a 'java/lang/NullPointerException'{0x00000000c65364f8}> (0x00000000c65364f8) 
thrown [s\open\src\hotspot\share\interpreter\linkResolver.cpp, line 1374]
Event: 1.319 Thread 0x000002bcf8b75d20 Exception <a 'java/lang/NullPointerException'{0x00000000c653b260}> (0x00000000c653b260) 
thrown [s\open\src\hotspot\share\interpreter\linkResolver.cpp, line 1374]
Event: 1.330 Thread 0x000002bcf8b75d20 Exception <a 'java/lang/NullPointerException'{0x00000000c654e780}> (0x00000000c654e780) 
thrown [s\open\src\hotspot\share\interpreter\linkResolver.cpp, line 1374]
Event: 1.330 Thread 0x000002bcf8b75d20 Exception <a 'java/lang/NullPointerException'{0x00000000c654ea60}> (0x00000000c654ea60) 
thrown [s\open\src\hotspot\share\interpreter\linkResolver.cpp, line 1374]
Event: 1.330 Thread 0x000002bcf8b75d20 Exception <a 'java/lang/NullPointerException'{0x00000000c654ed40}> (0x00000000c654ed40) 
thrown [s\open\src\hotspot\share\interpreter\linkResolver.cpp, line 1374]
Event: 1.330 Thread 0x000002bcf8b75d20 Exception <a 'java/lang/NullPointerException'{0x00000000c654f020}> (0x00000000c654f020) 
thrown [s\open\src\hotspot\share\interpreter\linkResolver.cpp, line 1374]
Event: 1.383 Thread 0x000002bcf8b75d20 Exception <a 'sun/nio/fs/WindowsException'{0x00000000c6577ec8}> (0x00000000c6577ec8) 
thrown [s\open\src\hotspot\share\prims\jni.cpp, line 520]
Event: 1.384 Thread 0x000002bcf8b75d20 Exception <a 'sun/nio/fs/WindowsException'{0x00000000c6578640}> (0x00000000c6578640) 
thrown [s\open\src\hotspot\share\prims\jni.cpp, line 520]
Event: 1.384 Thread 0x000002bcf8b75d20 Exception <a 'sun/nio/fs/WindowsException'{0x00000000c6578c40}> (0x00000000c6578c40) 
thrown [s\open\src\hotspot\share\prims\jni.cpp, line 520]
Event: 1.385 Thread 0x000002bcf8b75d20 Exception <a 'sun/nio/fs/WindowsException'{0x00000000c65791b8}> (0x00000000c65791b8) 
thrown [s\open\src\hotspot\share\prims\jni.cpp, line 520]
Event: 1.385 Thread 0x000002bcf8b75d20 Exception <a 'sun/nio/fs/WindowsException'{0x00000000c6579710}> (0x00000000c6579710) 
thrown [s\open\src\hotspot\share\prims\jni.cpp, line 520]
Event: 1.385 Thread 0x000002bcf8b75d20 Exception <a 'sun/nio/fs/WindowsException'{0x00000000c6579c18}> (0x00000000c6579c18) 
thrown [s\open\src\hotspot\share\prims\jni.cpp, line 520]
Event: 1.389 Thread 0x000002bcf8b75d20 Exception <a 'sun/nio/fs/WindowsException'{0x00000000c657a0d8}> (0x00000000c657a0d8) 
thrown [s\open\src\hotspot\share\prims\jni.cpp, line 520]
Event: 2.004 Thread 0x000002bcf8b75d20 Exception <a 'java/lang/NoSuchMethodError'{0x00000000c65ece88}: 'void java.lang.invoke.DirectMethodHandle$Holder.invokeStatic(java.lang.Object, java.lang.Object, java.lang.Object)'> (0x00000000c65ece88) 
thrown [s\open\src\hotspot\share\interpreter\linkResolver.cpp, line 774]
Event: 2.453 Thread 0x000002bcf8b75d20 Exception <a 'java/lang/NoSuchMethodError'{0x00000000c639f528}: 'java.lang.Object java.lang.invoke.DirectMethodHandle$Holder.invokeSpecialIFC(java.lang.Object, java.lang.Object, java.lang.Object, java.lang.Object)'> (0x00000000c639f528) 
thrown [s\open\src\hotspot\share\interpreter\linkResolver.cpp, line 774]
Event: 3.478 Thread 0x000002bcf8b75d20 Exception <a 'java/lang/NoSuchMethodError'{0x00000000c6435240}: 'void java.lang.invoke.DirectMethodHandle$Holder.invokeSpecial(java.lang.Object, java.lang.Object, java.lang.Object)'> (0x00000000c6435240) 
thrown [s\open\src\hotspot\share\interpreter\linkResolver.cpp, line 774]
Event: 3.597 Thread 0x000002bcf8b75d20 Exception <a 'java/lang/NoSuchMethodError'{0x00000000c6980e38}: 'java.lang.Object java.lang.invoke.DirectMethodHandle$Holder.invokeInterface(java.lang.Object, java.lang.Object)'> (0x00000000c6980e38) 
thrown [s\open\src\hotspot\share\interpreter\linkResolver.cpp, line 774]

ZGC Phase Switch (0 events):
No events

VM Operations (14 events):
Event: 0.248 Executing VM operation: HandshakeAllThreads (Deoptimize)
Event: 0.248 Executing VM operation: HandshakeAllThreads (Deoptimize) done
Event: 0.815 Executing VM operation: HandshakeAllThreads (Deoptimize)
Event: 0.815 Executing VM operation: HandshakeAllThreads (Deoptimize) done
Event: 0.840 Executing VM operation: HandshakeAllThreads (Deoptimize)
Event: 0.840 Executing VM operation: HandshakeAllThreads (Deoptimize) done
Event: 1.856 Executing VM operation: Cleanup
Event: 2.001 Executing VM operation: Cleanup done
Event: 2.505 Executing VM operation: G1CollectForAllocation (G1 Evacuation Pause)
Event: 2.517 Executing VM operation: G1CollectForAllocation (G1 Evacuation Pause) done
Event: 3.531 Executing VM operation: Cleanup
Event: 3.545 Executing VM operation: Cleanup done
Event: 3.556 Executing VM operation: G1CollectForAllocation (G1 Evacuation Pause)
Event: 3.563 Executing VM operation: G1CollectForAllocation (G1 Evacuation Pause) done

Memory protections (0 events):
No events

Nmethod flushes (0 events):
No events

Events (11 events):
Event: 0.081 Thread 0x000002bcf8b75d20 Thread added: 0x000002bcf8b75d20
Event: 0.135 Thread 0x000002bcf8b75d20 Thread added: 0x000002bc973ca400
Event: 0.135 Thread 0x000002bcf8b75d20 Thread added: 0x000002bc973cb4d0
Event: 0.136 Thread 0x000002bcf8b75d20 Thread added: 0x000002bc973d2150
Event: 0.136 Thread 0x000002bcf8b75d20 Thread added: 0x000002bc973d2d60
Event: 0.137 Thread 0x000002bcf8b75d20 Thread added: 0x000002bc973d4770
Event: 0.137 Thread 0x000002bcf8b75d20 Thread added: 0x000002bc973d4e00
Event: 0.138 Thread 0x000002bcf8b75d20 Thread added: 0x000002bc973e0cf0
Event: 0.138 Thread 0x000002bcf8b75d20 Thread added: 0x000002bc973e17a0
Event: 0.209 Thread 0x000002bcf8b75d20 Thread added: 0x000002bc973d5490
Event: 0.217 Thread 0x000002bcf8b75d20 Thread added: 0x000002bc973d7560


Dynamic libraries:
0x00007ff673e00000 - 0x00007ff673e10000 	C:\Program Files\Java\jdk-22\bin\java.exe
0x00007ffd61190000 - 0x00007ffd613a7000 	C:\Windows\SYSTEM32\ntdll.dll
0x00007ffd235f0000 - 0x00007ffd2360a000 	C:\Program Files\Avast Software\Avast\aswhook.dll
0x00007ffd5f440000 - 0x00007ffd5f504000 	C:\Windows\System32\KERNEL32.DLL
0x00007ffd5ea50000 - 0x00007ffd5ee07000 	C:\Windows\System32\KERNELBASE.dll
0x00007ffd5e590000 - 0x00007ffd5e6a1000 	C:\Windows\System32\ucrtbase.dll
0x00007ffd59070000 - 0x00007ffd59087000 	C:\Program Files\Java\jdk-22\bin\jli.dll
0x00007ffd17780000 - 0x00007ffd1779b000 	C:\Program Files\Java\jdk-22\bin\VCRUNTIME140.dll
0x00007ffd60670000 - 0x00007ffd6081f000 	C:\Windows\System32\USER32.dll
0x00007ffd5e560000 - 0x00007ffd5e586000 	C:\Windows\System32\win32u.dll
0x00007ffd61060000 - 0x00007ffd61089000 	C:\Windows\System32\GDI32.dll
0x00007ffd4d1f0000 - 0x00007ffd4d483000 	C:\Windows\WinSxS\amd64_microsoft.windows.common-controls_6595b64144ccf1df_6.0.22621.3672_none_2713b9d173822955\COMCTL32.dll
0x00007ffd5e750000 - 0x00007ffd5e868000 	C:\Windows\System32\gdi32full.dll
0x00007ffd5e6b0000 - 0x00007ffd5e74a000 	C:\Windows\System32\msvcp_win.dll
0x00007ffd60f00000 - 0x00007ffd60fa7000 	C:\Windows\System32\msvcrt.dll
0x00007ffd5f220000 - 0x00007ffd5f251000 	C:\Windows\System32\IMM32.DLL
0x00007ffd21ed0000 - 0x00007ffd21edc000 	C:\Program Files\Java\jdk-22\bin\vcruntime140_1.dll
0x00007ffd145a0000 - 0x00007ffd1462e000 	C:\Program Files\Java\jdk-22\bin\msvcp140.dll
0x00007ffcbd740000 - 0x00007ffcbe489000 	C:\Program Files\Java\jdk-22\bin\server\jvm.dll
0x00007ffd5f160000 - 0x00007ffd5f212000 	C:\Windows\System32\ADVAPI32.dll
0x00007ffd5eed0000 - 0x00007ffd5ef78000 	C:\Windows\System32\sechost.dll
0x00007ffd5ee10000 - 0x00007ffd5ee38000 	C:\Windows\System32\bcrypt.dll
0x00007ffd60c20000 - 0x00007ffd60d34000 	C:\Windows\System32\RPCRT4.dll
0x00007ffd5efe0000 - 0x00007ffd5f051000 	C:\Windows\System32\WS2_32.dll
0x00007ffd5e1c0000 - 0x00007ffd5e20d000 	C:\Windows\SYSTEM32\POWRPROF.dll
0x00007ffd584d0000 - 0x00007ffd58504000 	C:\Windows\SYSTEM32\WINMM.dll
0x00007ffd4bf60000 - 0x00007ffd4bf6a000 	C:\Windows\SYSTEM32\VERSION.dll
0x00007ffd5e1a0000 - 0x00007ffd5e1b3000 	C:\Windows\SYSTEM32\UMPDC.dll
0x00007ffd5d4b0000 - 0x00007ffd5d4c8000 	C:\Windows\SYSTEM32\kernel.appcore.dll
0x00007ffd1ac70000 - 0x00007ffd1ac7a000 	C:\Program Files\Java\jdk-22\bin\jimage.dll
0x00007ffd5bea0000 - 0x00007ffd5c0d2000 	C:\Windows\SYSTEM32\DBGHELP.DLL
0x00007ffd5f5c0000 - 0x00007ffd5f94e000 	C:\Windows\System32\combase.dll
0x00007ffd5f260000 - 0x00007ffd5f337000 	C:\Windows\System32\OLEAUT32.dll
0x00007ffd4dde0000 - 0x00007ffd4de12000 	C:\Windows\SYSTEM32\dbgcore.DLL
0x00007ffd5ee40000 - 0x00007ffd5eebb000 	C:\Windows\System32\bcryptPrimitives.dll
0x00007ffd17760000 - 0x00007ffd1777e000 	C:\Program Files\Java\jdk-22\bin\java.dll
0x00007ffd5fde0000 - 0x00007ffd60649000 	C:\Windows\System32\SHELL32.dll
0x00007ffd60a70000 - 0x00007ffd60c15000 	C:\Windows\System32\ole32.dll
0x00007ffd5c3c0000 - 0x00007ffd5ccbf000 	C:\Windows\SYSTEM32\windows.storage.dll
0x00007ffd5c280000 - 0x00007ffd5c3bf000 	C:\Windows\SYSTEM32\wintypes.dll
0x00007ffd5f060000 - 0x00007ffd5f159000 	C:\Windows\System32\SHCORE.dll
0x00007ffd5ef80000 - 0x00007ffd5efde000 	C:\Windows\System32\shlwapi.dll
0x00007ffd5e3d0000 - 0x00007ffd5e3f7000 	C:\Windows\SYSTEM32\profapi.dll
0x00007ffcc34f0000 - 0x00007ffcc35c7000 	C:\Program Files\Java\jdk-22\bin\jsvml.dll
0x00007ffd14150000 - 0x00007ffd14160000 	C:\Program Files\Java\jdk-22\bin\net.dll
0x00007ffd5d920000 - 0x00007ffd5d989000 	C:\Windows\system32\mswsock.dll
0x00007ffcc34d0000 - 0x00007ffcc34e6000 	C:\Program Files\Java\jdk-22\bin\nio.dll
0x00007ffcc34b0000 - 0x00007ffcc34c7000 	C:\Program Files\Java\jdk-22\bin\zip.dll
0x0000000069ac0000 - 0x0000000069ae4000 	C:\Program Files\NetBeans-22\netbeans\java\maven\lib\jansi-native\Windows\x86_64\jansi.dll
0x00007ffd13770000 - 0x00007ffd13780000 	C:\Program Files\Java\jdk-22\bin\verify.dll

dbghelp: loaded successfully - version: 4.0.5 - missing functions: none
symbol engine: initialized successfully - sym options: 0x614 - pdb path: .;C:\Program Files\Java\jdk-22\bin;C:\Windows\SYSTEM32;C:\Program Files\Avast Software\Avast;C:\Windows\WinSxS\amd64_microsoft.windows.common-controls_6595b64144ccf1df_6.0.22621.3672_none_2713b9d173822955;C:\Program Files\Java\jdk-22\bin\server;C:\Program Files\NetBeans-22\netbeans\java\maven\lib\jansi-native\Windows\x86_64

VM Arguments:
jvm_args: -Dclassworlds.conf=C:\Program Files\NetBeans-22\netbeans\java\maven\bin\m2.conf -Dmaven.home=C:\Program Files\NetBeans-22\netbeans\java\maven -Dlibrary.jansi.path=C:\Program Files\NetBeans-22\netbeans\java\maven\lib\jansi-native -Dmaven.multiModuleProjectDirectory=C:\Users\kgany\OneDrive\Documents\NetBeansProjects\POE 
java_command: org.codehaus.plexus.classworlds.launcher.Launcher -Dexec.vmArgs= -Dexec.args=${exec.vmArgs} -classpath %classpath ${exec.mainClass} ${exec.appArgs} -Dexec.appArgs= -Dexec.mainClass=com.mycompany.poe.POE -Dexec.executable=C:\Program Files\Java\jdk-22\bin\java.exe -Dmaven.ext.class.path=C:\Program Files\NetBeans-22\netbeans\java\maven-nblib\netbeans-eventspy.jar --no-transfer-progress process-classes org.codehaus.mojo:exec-maven-plugin:3.1.0:exec -Dcurrent.jrebel.agent.path=C:\Users\kgany\AppData\Roaming\NetBeans\22\griffin\jrebel.jar
java_class_path (initial): C:\Program Files\NetBeans-22\netbeans\java\maven\boot\plexus-classworlds-2.7.0.jar
Launcher Type: SUN_STANDARD

[Global flags]
     intx CICompilerCount                          = 2                                         {product} {ergonomic}
     uint ConcGCThreads                            = 1                                         {product} {ergonomic}
     uint G1ConcRefinementThreads                  = 2                                         {product} {ergonomic}
   size_t G1HeapRegionSize                         = 1048576                                   {product} {ergonomic}
   size_t InitialHeapSize                          = 65011712                                  {product} {ergonomic}
   size_t MarkStackSize                            = 4194304                                   {product} {ergonomic}
   size_t MaxHeapSize                              = 1027604480                                {product} {ergonomic}
   size_t MaxNewSize                               = 616562688                                 {product} {ergonomic}
   size_t MinHeapDeltaBytes                        = 1048576                                   {product} {ergonomic}
   size_t MinHeapSize                              = 8388608                                   {product} {ergonomic}
    uintx NonNMethodCodeHeapSize                   = 5826188                                {pd product} {ergonomic}
    uintx NonProfiledCodeHeapSize                  = 122916026                              {pd product} {ergonomic}
    uintx ProfiledCodeHeapSize                     = 122916026                              {pd product} {ergonomic}
    uintx ReservedCodeCacheSize                    = 251658240                              {pd product} {ergonomic}
     bool SegmentedCodeCache                       = true                                      {product} {ergonomic}
   size_t SoftMaxHeapSize                          = 1027604480                             {manageable} {ergonomic}
     bool UseCompressedOops                        = true                           {product lp64_product} {ergonomic}
     bool UseG1GC                                  = true                                      {product} {ergonomic}
     bool UseLargePagesIndividualAllocation        = false                                  {pd product} {ergonomic}

Logging:
Log output configuration:
 #0: stdout all=warning uptime,level,tags foldmultilines=false
 #1: stderr all=off uptime,level,tags foldmultilines=false

Environment Variables:
JAVA_HOME=C:\Program Files\Java\jdk-22
PATH=C:\Program Files\Common Files\Oracle\Java\javapath;C:\Windows\system32;C:\Windows;C:\Windows\System32\Wbem;C:\Windows\System32\WindowsPowerShell\v1.0\;C:\Windows\System32\OpenSSH\;C:\Program Files\Java\jdk-22\bin;C:\Users\kgany\AppData\Local\Microsoft\WindowsApps;
USERNAME=kgany
OS=Windows_NT
PROCESSOR_IDENTIFIER=Intel64 Family 6 Model 122 Stepping 8, GenuineIntel
TMP=C:\Users\kgany\AppData\Local\Temp
TEMP=C:\Users\kgany\AppData\Local\Temp




Periodic native trim disabled

---------------  S Y S T E M  ---------------

OS:
 Windows 11 , 64 bit Build 22621 (10.0.22621.3958)
OS uptime: 7 days 2:13 hours
Hyper-V role detected

CPU: total 2 (initial active 2) (2 cores per cpu, 1 threads per core) family 6 model 122 stepping 8 microcode 0x1c, cx8, cmov, fxsr, mmx, 3dnowpref, sse, sse2, sse3, ssse3, sse4.1, sse4.2, popcnt, tsc, tscinvbit, aes, erms, clmul, sha, clflush, clflushopt, hv, rdtscp, rdpid
Processor Information for all 2 processors :
  Max Mhz: 1101, Current Mhz: 1101, Mhz Limit: 1101

Memory: 4k page, system-wide physical 3918M (176M free)
TotalPageFile size 15694M (AvailPageFile size 3M)
current process WorkingSet (physical memory assigned to process): 62M, peak: 62M
current process commit charge ("private bytes"): 143M, peak: 143M

vm_info: Java HotSpot(TM) 64-Bit Server VM (22.0.2+9-70) for windows-amd64 JRE (22.0.2+9-70), built on 2024-06-04T16:52:23Z by "mach5one" with MS VC++ 17.6 (VS2022)

END.
