#
# There is insufficient memory for the Java Runtime Environment to continue.
# Native memory allocation (mmap) failed to map 65536 bytes. Error detail: Failed to commit metaspace.
# Possible reasons:
#   The system is out of physical RAM or swap space
#   This process is running with CompressedOops enabled, and the Java Heap may be blocking the growth of the native heap
# Possible solutions:
#   Reduce memory load on the system
#   Increase physical memory or swap space
#   Check if swap backing store is full
#   Decrease Java heap size (-Xmx/-Xms)
#   Decrease number of Java threads
#   Decrease Java thread stack sizes (-Xss)
#   Set larger code cache with -XX:ReservedCodeCacheSize=
#   JVM is running with Unscaled Compressed Oops mode in which the Java heap is
#     placed in the first 4GB address space. The Java Heap base address is the
#     maximum limit for the native heap growth. Please use -XX:HeapBaseMinAddress
#     to set the Java Heap base and to place the Java Heap above 4GB virtual address.
# This output file may be truncated or incomplete.
#
#  Out of Memory Error (virtualSpaceNode.cpp:112), pid=25360, tid=24488
#
# JRE version: Java(TM) SE Runtime Environment (22.0.2+9) (build 22.0.2+9-70)
# Java VM: Java HotSpot(TM) 64-Bit Server VM (22.0.2+9-70, mixed mode, tiered, compressed oops, compressed class ptrs, g1 gc, windows-amd64)
# No core dump will be written. Minidumps are not enabled by default on client versions of Windows
#

---------------  S U M M A R Y ------------

Command Line: -Dclassworlds.conf=C:\Program Files\NetBeans-22\netbeans\java\maven\bin\m2.conf -Dmaven.home=C:\Program Files\NetBeans-22\netbeans\java\maven -Dlibrary.jansi.path=C:\Program Files\NetBeans-22\netbeans\java\maven\lib\jansi-native -Dmaven.multiModuleProjectDirectory=C:\Users\kgany\OneDrive\Documents\NetBeansProjects\POE org.codehaus.plexus.classworlds.launcher.Launcher -Dexec.vmArgs= -Dexec.args=${exec.vmArgs} -classpath %classpath ${exec.mainClass} ${exec.appArgs} -Dexec.appArgs= -Dexec.mainClass=com.mycompany.poe.POE -Dexec.executable=C:\Program Files\Java\jdk-22\bin\java.exe -Dmaven.ext.class.path=C:\Program Files\NetBeans-22\netbeans\java\maven-nblib\netbeans-eventspy.jar --no-transfer-progress process-classes org.codehaus.mojo:exec-maven-plugin:3.1.0:exec -Dcurrent.jrebel.agent.path=C:\Users\kgany\AppData\Roaming\NetBeans\22\griffin\jrebel.jar

Host: Intel(R) Celeron(R) N4020 CPU @ 1.10GHz, 2 cores, 3G,  Windows 11 , 64 bit Build 22621 (10.0.22621.3958)
Time: Thu Oct 24 12:12:32 2024 South Africa Standard Time elapsed time: 0.272945 seconds (0d 0h 0m 0s)

---------------  T H R E A D  ---------------

Current thread (0x00000262bdf91ff0):  JavaThread "main"             [_thread_in_vm, id=24488, stack(0x000000c1fbc00000,0x000000c1fbd00000) (1024K)]

Stack: [0x000000c1fbc00000,0x000000c1fbd00000]
Native frames: (J=compiled Java code, j=interpreted, Vv=VM code, C=native code)
V  [jvm.dll+0x6e26e9]  (no source info available)
V  [jvm.dll+0x875753]  (no source info available)
V  [jvm.dll+0x877b7e]  (no source info available)
V  [jvm.dll+0x878253]  (no source info available)
V  [jvm.dll+0x27fc86]  (no source info available)
V  [jvm.dll+0x87139e]  (no source info available)
V  [jvm.dll+0x685755]  (no source info available)
V  [jvm.dll+0x6857ba]  (no source info available)
V  [jvm.dll+0x687ffa]  (no source info available)
V  [jvm.dll+0x224f6c]  (no source info available)
V  [jvm.dll+0x68616e]  (no source info available)
V  [jvm.dll+0x690408]  (no source info available)
V  [jvm.dll+0x2151c1]  (no source info available)
V  [jvm.dll+0x21564a]  (no source info available)
V  [jvm.dll+0x216071]  (no source info available)
V  [jvm.dll+0x20b3ae]  (no source info available)
V  [jvm.dll+0x5c4a8f]  (no source info available)
V  [jvm.dll+0x21cb2a]  (no source info available)
V  [jvm.dll+0x7ebe8c]  (no source info available)
V  [jvm.dll+0x7ecf26]  (no source info available)
V  [jvm.dll+0x7ed534]  (no source info available)
V  [jvm.dll+0x7ed1b8]  (no source info available)
V  [jvm.dll+0x26d6ab]  (no source info available)
V  [jvm.dll+0x3db97a]  (no source info available)
C  0x00000262cfa2e9d3  (no source info available)

The last pc belongs to ldc (printed below).
Java frames: (J=compiled Java code, j=interpreted, Vv=VM code)
j  jdk.internal.access.SharedSecrets.getJavaNetUriAccess()Ljdk/internal/access/JavaNetUriAccess;+8 java.base
j  jdk.internal.module.SystemModuleFinders.<clinit>()V+0 java.base
v  ~StubRoutines::call_stub 0x00000262cfa21015
j  jdk.internal.module.ModuleBootstrap.boot2()Ljava/lang/ModuleLayer;+194 java.base
j  jdk.internal.module.ModuleBootstrap.boot()Ljava/lang/ModuleLayer;+64 java.base
j  java.lang.System.initPhase2(ZZ)I+0 java.base
v  ~StubRoutines::call_stub 0x00000262cfa21015
ldc  18 ldc  [0x00000262cfa2e920, 0x00000262cfa2ebc0]  672 bytes
[MachCode]
  0x00000262cfa2e920: 4883 ec08 | f30f 1104 | 24eb 1f48 | 83ec 10f2 | 0f11 0424 | eb14 4883 | ec10 4889 | 0424 48c7 
  0x00000262cfa2e940: 4424 0800 | 0000 00eb | 0150 410f | b65d 0148 | 8b4d e848 | 8b49 0848 | 8b49 0848 | 8b41 080f 
  0x00000262cfa2e960: b654 1804 | 83fa 6474 | 0e83 fa67 | 7409 83fa | 070f 85b7 | 0000 00ba | 0000 0000 | e805 0000 
  0x00000262cfa2e980: 00e9 a200 | 0000 488d | 4424 084c | 896d c049 | 8bcf 4989 | afb0 0300 | 0049 8987 | a003 0000 
  0x00000262cfa2e9a0: 4883 ec20 | 40f6 c40f | 0f84 1900 | 0000 4883 | ec08 48b8 | 60b8 b1bd | fc7f 0000 | ffd0 4883 
  0x00000262cfa2e9c0: c408 e90c | 0000 0048 | b860 b8b1 | bdfc 7f00 | 00ff d048 | 83c4 2049 | c787 a003 | 0000 0000 
  0x00000262cfa2e9e0: 0000 49c7 | 87b0 0300 | 0000 0000 | 0049 c787 | a803 0000 | 0000 0000 | 4983 7f08 | 000f 8405 
  0x00000262cfa2ea00: 0000 00e9 | f824 ffff | 498b 87f8 | 0300 0049 | c787 f803 | 0000 0000 | 0000 4c8b | 6dc0 4c8b 
  0x00000262cfa2ea20: 75c8 4e8d | 74f5 00c3 | 50e9 7601 | 0000 83fa | 0475 14f3 | 0f10 44d9 | 4848 83ec | 08f3 0f11 
  0x00000262cfa2ea40: 0424 e95d | 0100 0083 | fa03 750a | 8b44 d948 | 50e9 4e01 | 0000 ba12 | 0000 00e8 | 0500 0000 
  0x00000262cfa2ea60: e9a2 0000 | 0048 8d44 | 2408 4c89 | 6dc0 498b | cf49 89af | b003 0000 | 4989 87a0 | 0300 0048 
  0x00000262cfa2ea80: 83ec 2040 | f6c4 0f0f | 8419 0000 | 0048 83ec | 0848 b820 | deb1 bdfc | 7f00 00ff | d048 83c4 
  0x00000262cfa2eaa0: 08e9 0c00 | 0000 48b8 | 20de b1bd | fc7f 0000 | ffd0 4883 | c420 49c7 | 87a0 0300 | 0000 0000 
  0x00000262cfa2eac0: 0049 c787 | b003 0000 | 0000 0000 | 49c7 87a8 | 0300 0000 | 0000 0049 | 837f 0800 | 0f84 0500 
  0x00000262cfa2eae0: 0000 e919 | 24ff ff49 | 8b87 f803 | 0000 49c7 | 87f8 0300 | 0000 0000 | 004c 8b6d | c04c 8b75 
  0x00000262cfa2eb00: c84e 8d74 | f500 c349 | 8b8f 0004 | 0000 49c7 | 8700 0400 | 0000 0000 | 008b d981 | e3ff ff00 
  0x00000262cfa2eb20: 00c1 e91c | 83e1 0f83 | f904 7509 | 8b04 1850 | e96f 0000 | 0083 f906 | 7513 f30f | 1004 1848 
  0x00000262cfa2eb40: 83ec 08f3 | 0f11 0424 | e957 0000 | 0083 f903 | 750a 0fbf | 0418 50e9 | 4800 0000 | 83f9 0075 
  0x00000262cfa2eb60: 0a0f be04 | 1850 e939 | 0000 0083 | f902 750a | 0fb7 0418 | 50e9 2a00 | 0000 83f9 | 0175 0a0f 
  0x00000262cfa2eb80: be04 1850 | e91b 0000 | 0048 b988 | a51a befc | 7f00 0048 | 83e4 f048 | b830 99d7 | bdfc 7f00 
  0x00000262cfa2eba0: 00ff d0f4 | 410f b65d | 0249 83c5 | 0249 ba30 | 113c befc | 7f00 0041 | ff24 da0f | 1f44 0000 
[/MachCode]

---------------  P R O C E S S  ---------------

Threads class SMR info:
_java_thread_list=0x00000262daa5d460, length=9, elements={
0x00000262bdf91ff0, 0x00000262da938170, 0x00000262daa4a080, 0x00000262daa4d720,
0x00000262daa4dd90, 0x00000262da938f90, 0x00000262da939a00, 0x00000262da93a3a0,
0x00000262da93ca70
}

Java Threads: ( => current thread )
=>0x00000262bdf91ff0 JavaThread "main"                              [_thread_in_vm, id=24488, stack(0x000000c1fbc00000,0x000000c1fbd00000) (1024K)]
  0x00000262da938170 JavaThread "Reference Handler"          daemon [_thread_blocked, id=19824, stack(0x000000c1fc400000,0x000000c1fc500000) (1024K)]
  0x00000262daa4a080 JavaThread "Finalizer"                  daemon [_thread_blocked, id=27172, stack(0x000000c1fc500000,0x000000c1fc600000) (1024K)]
  0x00000262daa4d720 JavaThread "Signal Dispatcher"          daemon [_thread_blocked, id=3436, stack(0x000000c1fc600000,0x000000c1fc700000) (1024K)]
  0x00000262daa4dd90 JavaThread "Attach Listener"            daemon [_thread_blocked, id=27936, stack(0x000000c1fc700000,0x000000c1fc800000) (1024K)]
  0x00000262da938f90 JavaThread "Service Thread"             daemon [_thread_blocked, id=26784, stack(0x000000c1fc800000,0x000000c1fc900000) (1024K)]
  0x00000262da939a00 JavaThread "Monitor Deflation Thread"   daemon [_thread_blocked, id=27840, stack(0x000000c1fc900000,0x000000c1fca00000) (1024K)]
  0x00000262da93a3a0 JavaThread "C2 CompilerThread0"         daemon [_thread_blocked, id=7792, stack(0x000000c1fca00000,0x000000c1fcb00000) (1024K)]
  0x00000262da93ca70 JavaThread "C1 CompilerThread0"         daemon [_thread_blocked, id=1120, stack(0x000000c1fcb00000,0x000000c1fcc00000) (1024K)]
Total: 9

Other Threads:
  0x00000262da8a8b90 VMThread "VM Thread"                           [id=24536, stack(0x000000c1fc300000,0x000000c1fc400000) (1024K)]
  0x00000262c024aa90 WatcherThread "VM Periodic Task Thread"        [id=26868, stack(0x000000c1fc200000,0x000000c1fc300000) (1024K)]
  0x00000262c01dd210 WorkerThread "GC Thread#0"                     [id=8408, stack(0x000000c1fbd00000,0x000000c1fbe00000) (1024K)]
  0x00000262c01e5f00 ConcurrentGCThread "G1 Main Marker"            [id=26400, stack(0x000000c1fbe00000,0x000000c1fbf00000) (1024K)]
  0x00000262c01e81c0 WorkerThread "G1 Conc#0"                       [id=8308, stack(0x000000c1fbf00000,0x000000c1fc000000) (1024K)]
  0x00000262c0238c00 ConcurrentGCThread "G1 Refine#0"               [id=1856, stack(0x000000c1fc000000,0x000000c1fc100000) (1024K)]
  0x00000262c023b470 ConcurrentGCThread "G1 Service"                [id=28180, stack(0x000000c1fc100000,0x000000c1fc200000) (1024K)]
Total: 7

Threads with active compile tasks:
Total: 0

VM state: not at safepoint (normal execution)

VM Mutex/Monitor currently owned by a thread:  ([mutex/lock_event])
[0x00007ffcbe3aab00] Metaspace_lock - owner thread: 0x00000262bdf91ff0

Heap address: 0x00000000c2c00000, size: 980 MB, Compressed Oops mode: 32-bit

CDS archive(s) not mapped
Compressed class space mapped at: 0x0000000020000000-0x0000000060000000, reserved size: 1073741824
Narrow klass base: 0x0000000000000000, Narrow klass shift: 0, Narrow klass range: 0x60000000

GC Precious Log:
 CardTable entry size: 512
 Card Set container configuration: InlinePtr #cards 5 size 8 Array Of Cards #cards 12 size 40 Howl #buckets 4 coarsen threshold 1843 Howl Bitmap #cards 512 size 80 coarsen threshold 460 Card regions per heap region 1 cards per card region 2048
 CPUs: 2 total, 2 available
 Memory: 3918M
 Large Page Support: Disabled
 NUMA Support: Disabled
 Compressed Oops: Enabled (32-bit)
 Heap Region Size: 1M
 Heap Min Capacity: 8M
 Heap Initial Capacity: 62M
 Heap Max Capacity: 980M
 Pre-touch: Disabled
 Parallel Workers: 2
 Concurrent Workers: 1
 Concurrent Refinement Workers: 2
 Periodic GC: Disabled

Heap:
 garbage-first heap   total reserved 1003520K, committed 63488K, used 0K [0x00000000c2c00000, 0x0000000100000000)
  region size 1024K, 1 young (1024K), 0 survivors (0K)
 Metaspace       used 3309K, committed 3328K, reserved 1114112K
  class space    used 238K, committed 256K, reserved 1048576K

Heap Regions: E=young(eden), S=young(survivor), O=old, HS=humongous(starts), HC=humongous(continues), CS=collection set, F=free, TAMS=top-at-mark-start, PB=parsable bottom
|   0|0x00000000c2c00000, 0x00000000c2c00000, 0x00000000c2d00000|  0%| F|  |TAMS 0x00000000c2c00000| PB 0x00000000c2c00000| Untracked |  0
|   1|0x00000000c2d00000, 0x00000000c2d00000, 0x00000000c2e00000|  0%| F|  |TAMS 0x00000000c2d00000| PB 0x00000000c2d00000| Untracked |  0
|   2|0x00000000c2e00000, 0x00000000c2e00000, 0x00000000c2f00000|  0%| F|  |TAMS 0x00000000c2e00000| PB 0x00000000c2e00000| Untracked |  0
|   3|0x00000000c2f00000, 0x00000000c2f00000, 0x00000000c3000000|  0%| F|  |TAMS 0x00000000c2f00000| PB 0x00000000c2f00000| Untracked |  0
|   4|0x00000000c3000000, 0x00000000c3000000, 0x00000000c3100000|  0%| F|  |TAMS 0x00000000c3000000| PB 0x00000000c3000000| Untracked |  0
|   5|0x00000000c3100000, 0x00000000c3100000, 0x00000000c3200000|  0%| F|  |TAMS 0x00000000c3100000| PB 0x00000000c3100000| Untracked |  0
|   6|0x00000000c3200000, 0x00000000c3200000, 0x00000000c3300000|  0%| F|  |TAMS 0x00000000c3200000| PB 0x00000000c3200000| Untracked |  0
|   7|0x00000000c3300000, 0x00000000c3300000, 0x00000000c3400000|  0%| F|  |TAMS 0x00000000c3300000| PB 0x00000000c3300000| Untracked |  0
|   8|0x00000000c3400000, 0x00000000c3400000, 0x00000000c3500000|  0%| F|  |TAMS 0x00000000c3400000| PB 0x00000000c3400000| Untracked |  0
|   9|0x00000000c3500000, 0x00000000c3500000, 0x00000000c3600000|  0%| F|  |TAMS 0x00000000c3500000| PB 0x00000000c3500000| Untracked |  0
|  10|0x00000000c3600000, 0x00000000c3600000, 0x00000000c3700000|  0%| F|  |TAMS 0x00000000c3600000| PB 0x00000000c3600000| Untracked |  0
|  11|0x00000000c3700000, 0x00000000c3700000, 0x00000000c3800000|  0%| F|  |TAMS 0x00000000c3700000| PB 0x00000000c3700000| Untracked |  0
|  12|0x00000000c3800000, 0x00000000c3800000, 0x00000000c3900000|  0%| F|  |TAMS 0x00000000c3800000| PB 0x00000000c3800000| Untracked |  0
|  13|0x00000000c3900000, 0x00000000c3900000, 0x00000000c3a00000|  0%| F|  |TAMS 0x00000000c3900000| PB 0x00000000c3900000| Untracked |  0
|  14|0x00000000c3a00000, 0x00000000c3a00000, 0x00000000c3b00000|  0%| F|  |TAMS 0x00000000c3a00000| PB 0x00000000c3a00000| Untracked |  0
|  15|0x00000000c3b00000, 0x00000000c3b00000, 0x00000000c3c00000|  0%| F|  |TAMS 0x00000000c3b00000| PB 0x00000000c3b00000| Untracked |  0
|  16|0x00000000c3c00000, 0x00000000c3c00000, 0x00000000c3d00000|  0%| F|  |TAMS 0x00000000c3c00000| PB 0x00000000c3c00000| Untracked |  0
|  17|0x00000000c3d00000, 0x00000000c3d00000, 0x00000000c3e00000|  0%| F|  |TAMS 0x00000000c3d00000| PB 0x00000000c3d00000| Untracked |  0
|  18|0x00000000c3e00000, 0x00000000c3e00000, 0x00000000c3f00000|  0%| F|  |TAMS 0x00000000c3e00000| PB 0x00000000c3e00000| Untracked |  0
|  19|0x00000000c3f00000, 0x00000000c3f00000, 0x00000000c4000000|  0%| F|  |TAMS 0x00000000c3f00000| PB 0x00000000c3f00000| Untracked |  0
|  20|0x00000000c4000000, 0x00000000c4000000, 0x00000000c4100000|  0%| F|  |TAMS 0x00000000c4000000| PB 0x00000000c4000000| Untracked |  0
|  21|0x00000000c4100000, 0x00000000c4100000, 0x00000000c4200000|  0%| F|  |TAMS 0x00000000c4100000| PB 0x00000000c4100000| Untracked |  0
|  22|0x00000000c4200000, 0x00000000c4200000, 0x00000000c4300000|  0%| F|  |TAMS 0x00000000c4200000| PB 0x00000000c4200000| Untracked |  0
|  23|0x00000000c4300000, 0x00000000c4300000, 0x00000000c4400000|  0%| F|  |TAMS 0x00000000c4300000| PB 0x00000000c4300000| Untracked |  0
|  24|0x00000000c4400000, 0x00000000c4400000, 0x00000000c4500000|  0%| F|  |TAMS 0x00000000c4400000| PB 0x00000000c4400000| Untracked |  0
|  25|0x00000000c4500000, 0x00000000c4500000, 0x00000000c4600000|  0%| F|  |TAMS 0x00000000c4500000| PB 0x00000000c4500000| Untracked |  0
|  26|0x00000000c4600000, 0x00000000c4600000, 0x00000000c4700000|  0%| F|  |TAMS 0x00000000c4600000| PB 0x00000000c4600000| Untracked |  0
|  27|0x00000000c4700000, 0x00000000c4700000, 0x00000000c4800000|  0%| F|  |TAMS 0x00000000c4700000| PB 0x00000000c4700000| Untracked |  0
|  28|0x00000000c4800000, 0x00000000c4800000, 0x00000000c4900000|  0%| F|  |TAMS 0x00000000c4800000| PB 0x00000000c4800000| Untracked |  0
|  29|0x00000000c4900000, 0x00000000c4900000, 0x00000000c4a00000|  0%| F|  |TAMS 0x00000000c4900000| PB 0x00000000c4900000| Untracked |  0
|  30|0x00000000c4a00000, 0x00000000c4a00000, 0x00000000c4b00000|  0%| F|  |TAMS 0x00000000c4a00000| PB 0x00000000c4a00000| Untracked |  0
|  31|0x00000000c4b00000, 0x00000000c4b00000, 0x00000000c4c00000|  0%| F|  |TAMS 0x00000000c4b00000| PB 0x00000000c4b00000| Untracked |  0
|  32|0x00000000c4c00000, 0x00000000c4c00000, 0x00000000c4d00000|  0%| F|  |TAMS 0x00000000c4c00000| PB 0x00000000c4c00000| Untracked |  0
|  33|0x00000000c4d00000, 0x00000000c4d00000, 0x00000000c4e00000|  0%| F|  |TAMS 0x00000000c4d00000| PB 0x00000000c4d00000| Untracked |  0
|  34|0x00000000c4e00000, 0x00000000c4e00000, 0x00000000c4f00000|  0%| F|  |TAMS 0x00000000c4e00000| PB 0x00000000c4e00000| Untracked |  0
|  35|0x00000000c4f00000, 0x00000000c4f00000, 0x00000000c5000000|  0%| F|  |TAMS 0x00000000c4f00000| PB 0x00000000c4f00000| Untracked |  0
|  36|0x00000000c5000000, 0x00000000c5000000, 0x00000000c5100000|  0%| F|  |TAMS 0x00000000c5000000| PB 0x00000000c5000000| Untracked |  0
|  37|0x00000000c5100000, 0x00000000c5100000, 0x00000000c5200000|  0%| F|  |TAMS 0x00000000c5100000| PB 0x00000000c5100000| Untracked |  0
|  38|0x00000000c5200000, 0x00000000c5200000, 0x00000000c5300000|  0%| F|  |TAMS 0x00000000c5200000| PB 0x00000000c5200000| Untracked |  0
|  39|0x00000000c5300000, 0x00000000c5300000, 0x00000000c5400000|  0%| F|  |TAMS 0x00000000c5300000| PB 0x00000000c5300000| Untracked |  0
|  40|0x00000000c5400000, 0x00000000c5400000, 0x00000000c5500000|  0%| F|  |TAMS 0x00000000c5400000| PB 0x00000000c5400000| Untracked |  0
|  41|0x00000000c5500000, 0x00000000c5500000, 0x00000000c5600000|  0%| F|  |TAMS 0x00000000c5500000| PB 0x00000000c5500000| Untracked |  0
|  42|0x00000000c5600000, 0x00000000c5600000, 0x00000000c5700000|  0%| F|  |TAMS 0x00000000c5600000| PB 0x00000000c5600000| Untracked |  0
|  43|0x00000000c5700000, 0x00000000c5700000, 0x00000000c5800000|  0%| F|  |TAMS 0x00000000c5700000| PB 0x00000000c5700000| Untracked |  0
|  44|0x00000000c5800000, 0x00000000c5800000, 0x00000000c5900000|  0%| F|  |TAMS 0x00000000c5800000| PB 0x00000000c5800000| Untracked |  0
|  45|0x00000000c5900000, 0x00000000c5900000, 0x00000000c5a00000|  0%| F|  |TAMS 0x00000000c5900000| PB 0x00000000c5900000| Untracked |  0
|  46|0x00000000c5a00000, 0x00000000c5a00000, 0x00000000c5b00000|  0%| F|  |TAMS 0x00000000c5a00000| PB 0x00000000c5a00000| Untracked |  0
|  47|0x00000000c5b00000, 0x00000000c5b00000, 0x00000000c5c00000|  0%| F|  |TAMS 0x00000000c5b00000| PB 0x00000000c5b00000| Untracked |  0
|  48|0x00000000c5c00000, 0x00000000c5c00000, 0x00000000c5d00000|  0%| F|  |TAMS 0x00000000c5c00000| PB 0x00000000c5c00000| Untracked |  0
|  49|0x00000000c5d00000, 0x00000000c5d00000, 0x00000000c5e00000|  0%| F|  |TAMS 0x00000000c5d00000| PB 0x00000000c5d00000| Untracked |  0
|  50|0x00000000c5e00000, 0x00000000c5e00000, 0x00000000c5f00000|  0%| F|  |TAMS 0x00000000c5e00000| PB 0x00000000c5e00000| Untracked |  0
|  51|0x00000000c5f00000, 0x00000000c5f00000, 0x00000000c6000000|  0%| F|  |TAMS 0x00000000c5f00000| PB 0x00000000c5f00000| Untracked |  0
|  52|0x00000000c6000000, 0x00000000c6000000, 0x00000000c6100000|  0%| F|  |TAMS 0x00000000c6000000| PB 0x00000000c6000000| Untracked |  0
|  53|0x00000000c6100000, 0x00000000c6100000, 0x00000000c6200000|  0%| F|  |TAMS 0x00000000c6100000| PB 0x00000000c6100000| Untracked |  0
|  54|0x00000000c6200000, 0x00000000c6200000, 0x00000000c6300000|  0%| F|  |TAMS 0x00000000c6200000| PB 0x00000000c6200000| Untracked |  0
|  55|0x00000000c6300000, 0x00000000c6300000, 0x00000000c6400000|  0%| F|  |TAMS 0x00000000c6300000| PB 0x00000000c6300000| Untracked |  0
|  56|0x00000000c6400000, 0x00000000c6400000, 0x00000000c6500000|  0%| F|  |TAMS 0x00000000c6400000| PB 0x00000000c6400000| Untracked |  0
|  57|0x00000000c6500000, 0x00000000c6500000, 0x00000000c6600000|  0%| F|  |TAMS 0x00000000c6500000| PB 0x00000000c6500000| Untracked |  0
|  58|0x00000000c6600000, 0x00000000c6600000, 0x00000000c6700000|  0%| F|  |TAMS 0x00000000c6600000| PB 0x00000000c6600000| Untracked |  0
|  59|0x00000000c6700000, 0x00000000c6700000, 0x00000000c6800000|  0%| F|  |TAMS 0x00000000c6700000| PB 0x00000000c6700000| Untracked |  0
|  60|0x00000000c6800000, 0x00000000c6800000, 0x00000000c6900000|  0%| F|  |TAMS 0x00000000c6800000| PB 0x00000000c6800000| Untracked |  0
|  61|0x00000000c6900000, 0x00000000c6993748, 0x00000000c6a00000| 57%| E|  |TAMS 0x00000000c6900000| PB 0x00000000c6900000| Complete |  0

Card table byte_map: [0x00000262d74f0000,0x00000262d76e0000] _byte_map_base: 0x00000262d6eda000

Marking Bits: (CMBitMap*) 0x00000262c01dd920
 Bits: [0x00000262d76e0000, 0x00000262d8630000)

Polling page: 0x00000262bf960000

Metaspace:

Usage:
  Non-class:      3.00 MB used.
      Class:    238.05 KB used.
       Both:      3.23 MB used.

Virtual space:
  Non-class space:       64.00 MB reserved,       3.00 MB (  5%) committed,  1 nodes.
      Class space:        1.00 GB reserved,     256.00 KB ( <1%) committed,  1 nodes.
             Both:        1.06 GB reserved,       3.25 MB ( <1%) committed. 

Chunk freelists:
   Non-Class:  12.00 MB
       Class:  15.75 MB
        Both:  27.75 MB

MaxMetaspaceSize: unlimited
CompressedClassSpaceSize: 1.00 GB
Initial GC threshold: 21.00 MB
Current GC threshold: 21.00 MB
CDS: off
 - commit_granule_bytes: 65536.
 - commit_granule_words: 8192.
 - virtual_space_node_default_size: 8388608.
 - enlarge_chunks_in_place: 1.
 - use_allocation_guard: 0.


Internal statistics:

num_allocs_failed_limit: 0.
num_arena_births: 2.
num_arena_deaths: 0.
num_vsnodes_births: 2.
num_vsnodes_deaths: 0.
num_space_committed: 52.
num_space_uncommitted: 0.
num_chunks_returned_to_freelist: 0.
num_chunks_taken_from_freelist: 3.
num_chunk_merges: 0.
num_chunk_splits: 2.
num_chunks_enlarged: 0.
num_inconsistent_stats: 0.

CodeHeap 'non-profiled nmethods': size=120064Kb used=0Kb max_used=0Kb free=120064Kb
 bounds [0x00000262cffb0000, 0x00000262d0220000, 0x00000262d74f0000]
CodeHeap 'profiled nmethods': size=120000Kb used=4Kb max_used=4Kb free=119995Kb
 bounds [0x00000262c84f0000, 0x00000262c8760000, 0x00000262cfa20000]
CodeHeap 'non-nmethods': size=5696Kb used=1149Kb max_used=1156Kb free=4546Kb
 bounds [0x00000262cfa20000, 0x00000262cfc90000, 0x00000262cffb0000]
 total_blobs=290 nmethods=4 adapters=193
 compilation: enabled
              stopped_count=0, restarted_count=0
 full_count=0

Compilation events (8 events):
Event: 0.236 Thread 0x00000262da93ca70    1       3       jdk.internal.util.ArraysSupport::signedHashCode (37 bytes)
Event: 0.237 Thread 0x00000262da93ca70 nmethod 1 0x00000262c84f0010 code [0x00000262c84f01c0, 0x00000262c84f0390]
Event: 0.237 Thread 0x00000262da93ca70    2       3       java.lang.Object::<init> (1 bytes)
Event: 0.237 Thread 0x00000262da93ca70 nmethod 2 0x00000262c84f0490 code [0x00000262c84f0620, 0x00000262c84f0728]
Event: 0.251 Thread 0x00000262da93ca70    3       3       java.lang.String::isLatin1 (19 bytes)
Event: 0.251 Thread 0x00000262da93ca70 nmethod 3 0x00000262c84f0790 code [0x00000262c84f0920, 0x00000262c84f0a90]
Event: 0.255 Thread 0x00000262da93ca70    4       3       java.lang.String::hashCode (60 bytes)
Event: 0.255 Thread 0x00000262da93ca70 nmethod 4 0x00000262c84f0b10 code [0x00000262c84f0ce0, 0x00000262c84f1020]

GC Heap History (0 events):
No events

Dll operation events (2 events):
Event: 0.029 Loaded shared library C:\Program Files\Java\jdk-22\bin\java.dll
Event: 0.236 Loaded shared library C:\Program Files\Java\jdk-22\bin\jsvml.dll

Deoptimization events (0 events):
No events

Classes loaded (20 events):
Event: 0.250 Loading class java/io/File done
Event: 0.250 Loading class java/io/DefaultFileSystem
Event: 0.250 Loading class java/io/DefaultFileSystem done
Event: 0.250 Loading class java/io/WinNTFileSystem
Event: 0.250 Loading class java/io/FileSystem
Event: 0.250 Loading class java/io/FileSystem done
Event: 0.250 Loading class java/io/WinNTFileSystem done
Event: 0.251 Loading class jdk/internal/module/ModulePatcher
Event: 0.253 Loading class jdk/internal/module/ModulePatcher done
Event: 0.253 Loading class java/util/HashSet
Event: 0.254 Loading class java/util/HashSet done
Event: 0.254 Loading class jdk/internal/module/ModuleBootstrap$Counters
Event: 0.254 Loading class jdk/internal/module/ModuleBootstrap$Counters done
Event: 0.254 Loading class jdk/internal/module/ArchivedBootLayer
Event: 0.254 Loading class jdk/internal/module/ArchivedBootLayer done
Event: 0.255 Loading class jdk/internal/module/ArchivedModuleGraph
Event: 0.256 Loading class jdk/internal/module/ArchivedModuleGraph done
Event: 0.256 Loading class jdk/internal/module/SystemModuleFinders
Event: 0.256 Loading class jdk/internal/module/SystemModuleFinders done
Event: 0.256 Loading class java/net/URI

Classes unloaded (0 events):
No events

Classes redefined (0 events):
No events

Internal exceptions (0 events):
No events

ZGC Phase Switch (0 events):
No events

VM Operations (0 events):
No events

Memory protections (0 events):
No events

Nmethod flushes (0 events):
No events

Events (9 events):
Event: 0.055 Thread 0x00000262bdf91ff0 Thread added: 0x00000262bdf91ff0
Event: 0.215 Thread 0x00000262bdf91ff0 Thread added: 0x00000262da938170
Event: 0.215 Thread 0x00000262bdf91ff0 Thread added: 0x00000262daa4a080
Event: 0.220 Thread 0x00000262bdf91ff0 Thread added: 0x00000262daa4d720
Event: 0.223 Thread 0x00000262bdf91ff0 Thread added: 0x00000262daa4dd90
Event: 0.223 Thread 0x00000262bdf91ff0 Thread added: 0x00000262da938f90
Event: 0.224 Thread 0x00000262bdf91ff0 Thread added: 0x00000262da939a00
Event: 0.224 Thread 0x00000262bdf91ff0 Thread added: 0x00000262da93a3a0
Event: 0.227 Thread 0x00000262bdf91ff0 Thread added: 0x00000262da93ca70


Dynamic libraries:
0x00007ff673e00000 - 0x00007ff673e10000 	C:\Program Files\Java\jdk-22\bin\java.exe
0x00007ffd61190000 - 0x00007ffd613a7000 	C:\Windows\SYSTEM32\ntdll.dll
0x00007ffd235f0000 - 0x00007ffd2360a000 	C:\Program Files\Avast Software\Avast\aswhook.dll
0x00007ffd5f440000 - 0x00007ffd5f504000 	C:\Windows\System32\KERNEL32.DLL
0x00007ffd5ea50000 - 0x00007ffd5ee07000 	C:\Windows\System32\KERNELBASE.dll
0x00007ffd5e590000 - 0x00007ffd5e6a1000 	C:\Windows\System32\ucrtbase.dll
0x00007ffd59070000 - 0x00007ffd59087000 	C:\Program Files\Java\jdk-22\bin\jli.dll
0x00007ffd60670000 - 0x00007ffd6081f000 	C:\Windows\System32\USER32.dll
0x00007ffd5e560000 - 0x00007ffd5e586000 	C:\Windows\System32\win32u.dll
0x00007ffd61060000 - 0x00007ffd61089000 	C:\Windows\System32\GDI32.dll
0x00007ffd5e750000 - 0x00007ffd5e868000 	C:\Windows\System32\gdi32full.dll
0x00007ffd5e6b0000 - 0x00007ffd5e74a000 	C:\Windows\System32\msvcp_win.dll
0x00007ffd17780000 - 0x00007ffd1779b000 	C:\Program Files\Java\jdk-22\bin\VCRUNTIME140.dll
0x00007ffd4d1f0000 - 0x00007ffd4d483000 	C:\Windows\WinSxS\amd64_microsoft.windows.common-controls_6595b64144ccf1df_6.0.22621.3672_none_2713b9d173822955\COMCTL32.dll
0x00007ffd60f00000 - 0x00007ffd60fa7000 	C:\Windows\System32\msvcrt.dll
0x00007ffd5f220000 - 0x00007ffd5f251000 	C:\Windows\System32\IMM32.DLL
0x00007ffd21ed0000 - 0x00007ffd21edc000 	C:\Program Files\Java\jdk-22\bin\vcruntime140_1.dll
0x00007ffd145a0000 - 0x00007ffd1462e000 	C:\Program Files\Java\jdk-22\bin\msvcp140.dll
0x00007ffcbd740000 - 0x00007ffcbe489000 	C:\Program Files\Java\jdk-22\bin\server\jvm.dll
0x00007ffd5f160000 - 0x00007ffd5f212000 	C:\Windows\System32\ADVAPI32.dll
0x00007ffd5eed0000 - 0x00007ffd5ef78000 	C:\Windows\System32\sechost.dll
0x00007ffd5ee10000 - 0x00007ffd5ee38000 	C:\Windows\System32\bcrypt.dll
0x00007ffd60c20000 - 0x00007ffd60d34000 	C:\Windows\System32\RPCRT4.dll
0x00007ffd5efe0000 - 0x00007ffd5f051000 	C:\Windows\System32\WS2_32.dll
0x00007ffd584d0000 - 0x00007ffd58504000 	C:\Windows\SYSTEM32\WINMM.dll
0x00007ffd5e1c0000 - 0x00007ffd5e20d000 	C:\Windows\SYSTEM32\POWRPROF.dll
0x00007ffd4bf60000 - 0x00007ffd4bf6a000 	C:\Windows\SYSTEM32\VERSION.dll
0x00007ffd5e1a0000 - 0x00007ffd5e1b3000 	C:\Windows\SYSTEM32\UMPDC.dll
0x00007ffd5d4b0000 - 0x00007ffd5d4c8000 	C:\Windows\SYSTEM32\kernel.appcore.dll
0x00007ffd1ac70000 - 0x00007ffd1ac7a000 	C:\Program Files\Java\jdk-22\bin\jimage.dll
0x00007ffd5bea0000 - 0x00007ffd5c0d2000 	C:\Windows\SYSTEM32\DBGHELP.DLL
0x00007ffd5f5c0000 - 0x00007ffd5f94e000 	C:\Windows\System32\combase.dll
0x00007ffd5f260000 - 0x00007ffd5f337000 	C:\Windows\System32\OLEAUT32.dll
0x00007ffd4dde0000 - 0x00007ffd4de12000 	C:\Windows\SYSTEM32\dbgcore.DLL
0x00007ffd5ee40000 - 0x00007ffd5eebb000 	C:\Windows\System32\bcryptPrimitives.dll
0x00007ffd17760000 - 0x00007ffd1777e000 	C:\Program Files\Java\jdk-22\bin\java.dll
0x00007ffd5fde0000 - 0x00007ffd60649000 	C:\Windows\System32\SHELL32.dll
0x00007ffd60a70000 - 0x00007ffd60c15000 	C:\Windows\System32\ole32.dll
0x00007ffd5c3c0000 - 0x00007ffd5ccbf000 	C:\Windows\SYSTEM32\windows.storage.dll
0x00007ffd5c280000 - 0x00007ffd5c3bf000 	C:\Windows\SYSTEM32\wintypes.dll
0x00007ffd5f060000 - 0x00007ffd5f159000 	C:\Windows\System32\SHCORE.dll
0x00007ffd5ef80000 - 0x00007ffd5efde000 	C:\Windows\System32\shlwapi.dll
0x00007ffd5e3d0000 - 0x00007ffd5e3f7000 	C:\Windows\SYSTEM32\profapi.dll
0x00007ffcc34f0000 - 0x00007ffcc35c7000 	C:\Program Files\Java\jdk-22\bin\jsvml.dll

dbghelp: loaded successfully - version: 4.0.5 - missing functions: none
symbol engine: initialized successfully - sym options: 0x614 - pdb path: .;C:\Program Files\Java\jdk-22\bin;C:\Windows\SYSTEM32;C:\Program Files\Avast Software\Avast;C:\Windows\WinSxS\amd64_microsoft.windows.common-controls_6595b64144ccf1df_6.0.22621.3672_none_2713b9d173822955;C:\Program Files\Java\jdk-22\bin\server

VM Arguments:
jvm_args: -Dclassworlds.conf=C:\Program Files\NetBeans-22\netbeans\java\maven\bin\m2.conf -Dmaven.home=C:\Program Files\NetBeans-22\netbeans\java\maven -Dlibrary.jansi.path=C:\Program Files\NetBeans-22\netbeans\java\maven\lib\jansi-native -Dmaven.multiModuleProjectDirectory=C:\Users\kgany\OneDrive\Documents\NetBeansProjects\POE 
java_command: org.codehaus.plexus.classworlds.launcher.Launcher -Dexec.vmArgs= -Dexec.args=${exec.vmArgs} -classpath %classpath ${exec.mainClass} ${exec.appArgs} -Dexec.appArgs= -Dexec.mainClass=com.mycompany.poe.POE -Dexec.executable=C:\Program Files\Java\jdk-22\bin\java.exe -Dmaven.ext.class.path=C:\Program Files\NetBeans-22\netbeans\java\maven-nblib\netbeans-eventspy.jar --no-transfer-progress process-classes org.codehaus.mojo:exec-maven-plugin:3.1.0:exec -Dcurrent.jrebel.agent.path=C:\Users\kgany\AppData\Roaming\NetBeans\22\griffin\jrebel.jar
java_class_path (initial): C:\Program Files\NetBeans-22\netbeans\java\maven\boot\plexus-classworlds-2.7.0.jar
Launcher Type: SUN_STANDARD

[Global flags]
     intx CICompilerCount                          = 2                                         {product} {ergonomic}
     uint ConcGCThreads                            = 1                                         {product} {ergonomic}
     uint G1ConcRefinementThreads                  = 2                                         {product} {ergonomic}
   size_t G1HeapRegionSize                         = 1048576                                   {product} {ergonomic}
   size_t InitialHeapSize                          = 65011712                                  {product} {ergonomic}
   size_t MarkStackSize                            = 4194304                                   {product} {ergonomic}
   size_t MaxHeapSize                              = 1027604480                                {product} {ergonomic}
   size_t MaxNewSize                               = 616562688                                 {product} {ergonomic}
   size_t MinHeapDeltaBytes                        = 1048576                                   {product} {ergonomic}
   size_t MinHeapSize                              = 8388608                                   {product} {ergonomic}
    uintx NonNMethodCodeHeapSize                   = 5826188                                {pd product} {ergonomic}
    uintx NonProfiledCodeHeapSize                  = 122916026                              {pd product} {ergonomic}
    uintx ProfiledCodeHeapSize                     = 122916026                              {pd product} {ergonomic}
    uintx ReservedCodeCacheSize                    = 251658240                              {pd product} {ergonomic}
     bool SegmentedCodeCache                       = true                                      {product} {ergonomic}
   size_t SoftMaxHeapSize                          = 1027604480                             {manageable} {ergonomic}
     bool UseCompressedOops                        = true                           {product lp64_product} {ergonomic}
     bool UseG1GC                                  = true                                      {product} {ergonomic}
     bool UseLargePagesIndividualAllocation        = false                                  {pd product} {ergonomic}

Logging:
Log output configuration:
 #0: stdout all=warning uptime,level,tags foldmultilines=false
 #1: stderr all=off uptime,level,tags foldmultilines=false

Environment Variables:
JAVA_HOME=C:\Program Files\Java\jdk-22
PATH=C:\Program Files\Common Files\Oracle\Java\javapath;C:\Windows\system32;C:\Windows;C:\Windows\System32\Wbem;C:\Windows\System32\WindowsPowerShell\v1.0\;C:\Windows\System32\OpenSSH\;C:\Program Files\Java\jdk-22\bin;C:\Users\kgany\AppData\Local\Microsoft\WindowsApps;
USERNAME=kgany
OS=Windows_NT
PROCESSOR_IDENTIFIER=Intel64 Family 6 Model 122 Stepping 8, GenuineIntel
TMP=C:\Users\kgany\AppData\Local\Temp
TEMP=C:\Users\kgany\AppData\Local\Temp




Periodic native trim disabled

---------------  S Y S T E M  ---------------

OS:
 Windows 11 , 64 bit Build 22621 (10.0.22621.3958)
OS uptime: 7 days 2:11 hours
Hyper-V role detected

CPU: total 2 (initial active 2) (2 cores per cpu, 1 threads per core) family 6 model 122 stepping 8 microcode 0x1c, cx8, cmov, fxsr, mmx, 3dnowpref, sse, sse2, sse3, ssse3, sse4.1, sse4.2, popcnt, tsc, tscinvbit, aes, erms, clmul, sha, clflush, clflushopt, hv, rdtscp, rdpid
Processor Information for all 2 processors :
  Max Mhz: 1101, Current Mhz: 1101, Mhz Limit: 1101

Memory: 4k page, system-wide physical 3918M (173M free)
TotalPageFile size 15694M (AvailPageFile size 3M)
current process WorkingSet (physical memory assigned to process): 24M, peak: 24M
current process commit charge ("private bytes"): 118M, peak: 124M

vm_info: Java HotSpot(TM) 64-Bit Server VM (22.0.2+9-70) for windows-amd64 JRE (22.0.2+9-70), built on 2024-06-04T16:52:23Z by "mach5one" with MS VC++ 17.6 (VS2022)

END.
